# Logfile created on 2021-04-23 09:49:15 -0300 by logger.rb/61378
D, [2021-04-23T09:49:50.806240 #11840] DEBUG -- : MONGODB | Topology type 'unknown' initializing.
D, [2021-04-23T09:49:50.807229 #11840] DEBUG -- : MONGODB | There was a change in the members of the 'Unknown' topology.
D, [2021-04-23T09:49:50.807813 #11840] DEBUG -- : MONGODB | Server rocklov-db:27017 initializing.
D, [2021-04-23T09:49:50.808633 #11840] DEBUG -- : MONGODB | Waiting for up to 30.00 seconds for servers to be scanned: #<Cluster topology=Unknown[rocklov-db:27017] servers=[#<Server address=rocklov-db:27017 UNKNOWN>]>
D, [2021-04-23T09:49:50.855652 #11840] DEBUG -- : MONGODB | Server description for rocklov-db:27017 changed from 'unknown' to 'standalone'.
D, [2021-04-23T09:49:50.868882 #11840] DEBUG -- : MONGODB | Topology type 'Unknown' changed to type 'Single'.
D, [2021-04-23T09:49:50.941963 #11840] DEBUG -- : MONGODB | Server description for rocklov-db:27017 changed from 'standalone' to 'standalone'.
D, [2021-04-23T09:49:50.942303 #11840] DEBUG -- : MONGODB | There was a change in the members of the 'Single' topology.
D, [2021-04-23T09:49:50.943897 #11840] DEBUG -- : MONGODB | rocklov-db:27017 req:7 conn:1:1 sconn:24 | rocklov.delete | STARTED | {"delete"=>"users", "ordered"=>true, "deletes"=>[{"q"=>{"email"=>"jeferson@bol.com.br"}, "limit"=>0}], "$db"=>"rocklov", "lsid"=>{"id"=><BSON::Binary:0x814261459700 type=uuid data=0x3903e8df94d743f8...>}}
D, [2021-04-23T09:49:50.956231 #11840] DEBUG -- : MONGODB | rocklov-db:27017 req:7 | rocklov.delete | SUCCEEDED | 0.012s
D, [2021-04-23T09:49:52.425334 #11840] DEBUG -- : MONGODB | Server description for rocklov-db:27017 changed from 'standalone' to 'standalone'.
D, [2021-04-23T09:49:52.425814 #11840] DEBUG -- : MONGODB | There was a change in the members of the 'Single' topology.
D, [2021-04-23T09:49:52.426652 #11840] DEBUG -- : MONGODB | rocklov-db:27017 req:9 conn:1:2 sconn:26 | admin.endSessions | STARTED | {"endSessions"=>[{"id"=><BSON::Binary:0x814261459700 type=uuid data=0x3903e8df94d743f8...>}], "$db"=>"admin"}
D, [2021-04-23T09:49:52.440512 #11840] DEBUG -- : MONGODB | rocklov-db:27017 req:9 | admin.endSessions | SUCCEEDED | 0.014s
D, [2021-04-23T10:47:24.079261 #6480] DEBUG -- : MONGODB | Topology type 'unknown' initializing.
D, [2021-04-23T10:47:24.079895 #6480] DEBUG -- : MONGODB | There was a change in the members of the 'Unknown' topology.
D, [2021-04-23T10:47:24.080353 #6480] DEBUG -- : MONGODB | Server rocklov-db:27017 initializing.
D, [2021-04-23T10:47:24.080790 #6480] DEBUG -- : MONGODB | Waiting for up to 30.00 seconds for servers to be scanned: #<Cluster topology=Unknown[rocklov-db:27017] servers=[#<Server address=rocklov-db:27017 UNKNOWN>]>
D, [2021-04-23T10:47:24.141056 #6480] DEBUG -- : MONGODB | Server description for rocklov-db:27017 changed from 'unknown' to 'standalone'.
D, [2021-04-23T10:47:24.144427 #6480] DEBUG -- : MONGODB | Topology type 'Unknown' changed to type 'Single'.
D, [2021-04-23T10:47:24.182996 #6480] DEBUG -- : MONGODB | Server description for rocklov-db:27017 changed from 'standalone' to 'standalone'.
D, [2021-04-23T10:47:24.186304 #6480] DEBUG -- : MONGODB | There was a change in the members of the 'Single' topology.
D, [2021-04-23T10:47:24.187587 #6480] DEBUG -- : MONGODB | rocklov-db:27017 req:7 conn:1:1 sconn:28 | rocklov.delete | STARTED | {"delete"=>"users", "ordered"=>true, "deletes"=>[{"q"=>{"email"=>"jeferson@bol.com.br"}, "limit"=>0}], "$db"=>"rocklov", "lsid"=>{"id"=><BSON::Binary:0x1478602675240 type=uuid data=0x946b030948c74d1d...>}}
D, [2021-04-23T10:47:24.213861 #6480] DEBUG -- : MONGODB | rocklov-db:27017 req:7 | rocklov.delete | SUCCEEDED | 0.026s
D, [2021-04-23T10:47:26.729667 #6480] DEBUG -- : MONGODB | Server description for rocklov-db:27017 changed from 'standalone' to 'standalone'.
D, [2021-04-23T10:47:26.730185 #6480] DEBUG -- : MONGODB | There was a change in the members of the 'Single' topology.
D, [2021-04-23T10:47:26.731121 #6480] DEBUG -- : MONGODB | rocklov-db:27017 req:9 conn:1:2 sconn:30 | admin.endSessions | STARTED | {"endSessions"=>[{"id"=><BSON::Binary:0x1478602675240 type=uuid data=0x946b030948c74d1d...>}], "$db"=>"admin"}
D, [2021-04-23T10:47:26.743865 #6480] DEBUG -- : MONGODB | rocklov-db:27017 req:9 | admin.endSessions | SUCCEEDED | 0.012s
D, [2021-04-23T10:52:59.655417 #9232] DEBUG -- : MONGODB | Topology type 'unknown' initializing.
D, [2021-04-23T10:52:59.656325 #9232] DEBUG -- : MONGODB | There was a change in the members of the 'Unknown' topology.
D, [2021-04-23T10:52:59.656696 #9232] DEBUG -- : MONGODB | Server rocklov-db:27017 initializing.
D, [2021-04-23T10:52:59.657122 #9232] DEBUG -- : MONGODB | Waiting for up to 30.00 seconds for servers to be scanned: #<Cluster topology=Unknown[rocklov-db:27017] servers=[#<Server address=rocklov-db:27017 UNKNOWN>]>
D, [2021-04-23T10:52:59.676774 #9232] DEBUG -- : MONGODB | Server description for rocklov-db:27017 changed from 'unknown' to 'standalone'.
D, [2021-04-23T10:52:59.679443 #9232] DEBUG -- : MONGODB | Topology type 'Unknown' changed to type 'Single'.
D, [2021-04-23T10:52:59.715026 #9232] DEBUG -- : MONGODB | Server description for rocklov-db:27017 changed from 'standalone' to 'standalone'.
D, [2021-04-23T10:52:59.718015 #9232] DEBUG -- : MONGODB | There was a change in the members of the 'Single' topology.
D, [2021-04-23T10:52:59.719328 #9232] DEBUG -- : MONGODB | rocklov-db:27017 req:7 conn:1:1 sconn:32 | rocklov.delete | STARTED | {"delete"=>"users", "ordered"=>true, "deletes"=>[{"q"=>{"email"=>"jeferson@bol.com.br"}, "limit"=>0}], "$db"=>"rocklov", "lsid"=>{"id"=><BSON::Binary:0x827479793880 type=uuid data=0x41d82272c91a4af3...>}}
D, [2021-04-23T10:52:59.738144 #9232] DEBUG -- : MONGODB | rocklov-db:27017 req:7 | rocklov.delete | SUCCEEDED | 0.018s
D, [2021-04-23T10:53:03.549173 #9232] DEBUG -- : MONGODB | Topology type 'unknown' initializing.
D, [2021-04-23T10:53:03.553959 #9232] DEBUG -- : MONGODB | There was a change in the members of the 'Unknown' topology.
D, [2021-04-23T10:53:03.554721 #9232] DEBUG -- : MONGODB | Server rocklov-db:27017 initializing.
D, [2021-04-23T10:53:03.556204 #9232] DEBUG -- : MONGODB | Waiting for up to 30.00 seconds for servers to be scanned: #<Cluster topology=Unknown[rocklov-db:27017] servers=[#<Server address=rocklov-db:27017 UNKNOWN>]>
D, [2021-04-23T10:53:03.629076 #9232] DEBUG -- : MONGODB | Server description for rocklov-db:27017 changed from 'unknown' to 'standalone'.
D, [2021-04-23T10:53:03.629616 #9232] DEBUG -- : MONGODB | Topology type 'Unknown' changed to type 'Single'.
D, [2021-04-23T10:53:03.663426 #9232] DEBUG -- : MONGODB | Server description for rocklov-db:27017 changed from 'standalone' to 'standalone'.
D, [2021-04-23T10:53:03.665881 #9232] DEBUG -- : MONGODB | There was a change in the members of the 'Single' topology.
D, [2021-04-23T10:53:03.669605 #9232] DEBUG -- : MONGODB | rocklov-db:27017 req:10 conn:1:1 sconn:34 | rocklov.delete | STARTED | {"delete"=>"users", "ordered"=>true, "deletes"=>[{"q"=>{"email"=>""}, "limit"=>0}], "$db"=>"rocklov", "lsid"=>{"id"=><BSON::Binary:0x827481115640 type=uuid data=0x8bdf0e6e5963446d...>}}
D, [2021-04-23T10:53:03.695636 #9232] DEBUG -- : MONGODB | rocklov-db:27017 req:10 | rocklov.delete | SUCCEEDED | 0.026s
D, [2021-04-23T10:53:06.320611 #9232] DEBUG -- : MONGODB | Topology type 'unknown' initializing.
D, [2021-04-23T10:53:06.324678 #9232] DEBUG -- : MONGODB | There was a change in the members of the 'Unknown' topology.
D, [2021-04-23T10:53:06.325121 #9232] DEBUG -- : MONGODB | Server rocklov-db:27017 initializing.
D, [2021-04-23T10:53:06.329175 #9232] DEBUG -- : MONGODB | Waiting for up to 30.00 seconds for servers to be scanned: #<Cluster topology=Unknown[rocklov-db:27017] servers=[#<Server address=rocklov-db:27017 UNKNOWN>]>
D, [2021-04-23T10:53:06.367026 #9232] DEBUG -- : MONGODB | Server description for rocklov-db:27017 changed from 'unknown' to 'standalone'.
D, [2021-04-23T10:53:06.370065 #9232] DEBUG -- : MONGODB | Topology type 'Unknown' changed to type 'Single'.
D, [2021-04-23T10:53:06.398227 #9232] DEBUG -- : MONGODB | Server description for rocklov-db:27017 changed from 'standalone' to 'standalone'.
D, [2021-04-23T10:53:06.398925 #9232] DEBUG -- : MONGODB | There was a change in the members of the 'Single' topology.
D, [2021-04-23T10:53:06.400238 #9232] DEBUG -- : MONGODB | rocklov-db:27017 req:13 conn:1:1 sconn:36 | rocklov.delete | STARTED | {"delete"=>"users", "ordered"=>true, "deletes"=>[{"q"=>{"email"=>"jeferson*bol.com.br"}, "limit"=>0}], "$db"=>"rocklov", "lsid"=>{"id"=><BSON::Binary:0x827453582720 type=uuid data=0xc2f100ee12564a2d...>}}
D, [2021-04-23T10:53:06.424819 #9232] DEBUG -- : MONGODB | rocklov-db:27017 req:13 | rocklov.delete | SUCCEEDED | 0.024s
D, [2021-04-23T10:53:09.008288 #9232] DEBUG -- : MONGODB | Topology type 'unknown' initializing.
D, [2021-04-23T10:53:09.008964 #9232] DEBUG -- : MONGODB | There was a change in the members of the 'Unknown' topology.
D, [2021-04-23T10:53:09.010675 #9232] DEBUG -- : MONGODB | Server rocklov-db:27017 initializing.
D, [2021-04-23T10:53:09.014162 #9232] DEBUG -- : MONGODB | Waiting for up to 30.00 seconds for servers to be scanned: #<Cluster topology=Unknown[rocklov-db:27017] servers=[#<Server address=rocklov-db:27017 UNKNOWN>]>
D, [2021-04-23T10:53:09.036095 #9232] DEBUG -- : MONGODB | Server description for rocklov-db:27017 changed from 'unknown' to 'standalone'.
D, [2021-04-23T10:53:09.036729 #9232] DEBUG -- : MONGODB | Topology type 'Unknown' changed to type 'Single'.
D, [2021-04-23T10:53:09.065105 #9232] DEBUG -- : MONGODB | Server description for rocklov-db:27017 changed from 'standalone' to 'standalone'.
D, [2021-04-23T10:53:09.065389 #9232] DEBUG -- : MONGODB | There was a change in the members of the 'Single' topology.
D, [2021-04-23T10:53:09.065997 #9232] DEBUG -- : MONGODB | rocklov-db:27017 req:16 conn:1:1 sconn:38 | rocklov.delete | STARTED | {"delete"=>"users", "ordered"=>true, "deletes"=>[{"q"=>{"email"=>"jeferson@bol.com.br"}, "limit"=>0}], "$db"=>"rocklov", "lsid"=>{"id"=><BSON::Binary:0x827480833020 type=uuid data=0x73a61da8254042c9...>}}
D, [2021-04-23T10:53:09.081003 #9232] DEBUG -- : MONGODB | rocklov-db:27017 req:16 | rocklov.delete | SUCCEEDED | 0.015s
D, [2021-04-23T10:53:09.703057 #9232] DEBUG -- : MONGODB | Server description for rocklov-db:27017 changed from 'standalone' to 'standalone'.
D, [2021-04-23T10:53:09.703512 #9232] DEBUG -- : MONGODB | There was a change in the members of the 'Single' topology.
D, [2021-04-23T10:53:10.956322 #9232] DEBUG -- : MONGODB | Server description for rocklov-db:27017 changed from 'standalone' to 'standalone'.
D, [2021-04-23T10:53:10.956722 #9232] DEBUG -- : MONGODB | There was a change in the members of the 'Single' topology.
D, [2021-04-23T10:53:10.957502 #9232] DEBUG -- : MONGODB | rocklov-db:27017 req:18 conn:1:2 sconn:39 | admin.endSessions | STARTED | {"endSessions"=>[{"id"=><BSON::Binary:0x827480833020 type=uuid data=0x73a61da8254042c9...>}], "$db"=>"admin"}
D, [2021-04-23T10:53:10.971911 #9232] DEBUG -- : MONGODB | rocklov-db:27017 req:18 | admin.endSessions | SUCCEEDED | 0.013s
D, [2021-04-23T10:53:11.002998 #9232] DEBUG -- : MONGODB | Server description for rocklov-db:27017 changed from 'standalone' to 'standalone'.
D, [2021-04-23T10:53:11.005648 #9232] DEBUG -- : MONGODB | There was a change in the members of the 'Single' topology.
D, [2021-04-23T10:53:11.006845 #9232] DEBUG -- : MONGODB | rocklov-db:27017 req:20 conn:1:2 sconn:40 | admin.endSessions | STARTED | {"endSessions"=>[{"id"=><BSON::Binary:0x827453582720 type=uuid data=0xc2f100ee12564a2d...>}], "$db"=>"admin"}
D, [2021-04-23T10:53:11.033261 #9232] DEBUG -- : MONGODB | rocklov-db:27017 req:20 | admin.endSessions | SUCCEEDED | 0.026s
D, [2021-04-23T10:53:11.064768 #9232] DEBUG -- : MONGODB | Server description for rocklov-db:27017 changed from 'standalone' to 'standalone'.
D, [2021-04-23T10:53:11.065119 #9232] DEBUG -- : MONGODB | There was a change in the members of the 'Single' topology.
D, [2021-04-23T10:53:11.065823 #9232] DEBUG -- : MONGODB | rocklov-db:27017 req:22 conn:1:2 sconn:41 | admin.endSessions | STARTED | {"endSessions"=>[{"id"=><BSON::Binary:0x827481115640 type=uuid data=0x8bdf0e6e5963446d...>}], "$db"=>"admin"}
D, [2021-04-23T10:53:11.080490 #9232] DEBUG -- : MONGODB | rocklov-db:27017 req:22 | admin.endSessions | SUCCEEDED | 0.014s
D, [2021-04-23T10:53:11.110714 #9232] DEBUG -- : MONGODB | Server description for rocklov-db:27017 changed from 'standalone' to 'standalone'.
D, [2021-04-23T10:53:11.113651 #9232] DEBUG -- : MONGODB | There was a change in the members of the 'Single' topology.
D, [2021-04-23T10:53:11.114738 #9232] DEBUG -- : MONGODB | rocklov-db:27017 req:24 conn:1:2 sconn:42 | admin.endSessions | STARTED | {"endSessions"=>[{"id"=><BSON::Binary:0x827479793880 type=uuid data=0x41d82272c91a4af3...>}], "$db"=>"admin"}
D, [2021-04-23T10:53:11.141525 #9232] DEBUG -- : MONGODB | rocklov-db:27017 req:24 | admin.endSessions | SUCCEEDED | 0.026s
D, [2021-04-23T10:53:54.538288 #16712] DEBUG -- : MONGODB | Topology type 'unknown' initializing.
D, [2021-04-23T10:53:54.539259 #16712] DEBUG -- : MONGODB | There was a change in the members of the 'Unknown' topology.
D, [2021-04-23T10:53:54.539661 #16712] DEBUG -- : MONGODB | Server rocklov-db:27017 initializing.
D, [2021-04-23T10:53:54.540116 #16712] DEBUG -- : MONGODB | Waiting for up to 30.00 seconds for servers to be scanned: #<Cluster topology=Unknown[rocklov-db:27017] servers=[#<Server address=rocklov-db:27017 UNKNOWN>]>
D, [2021-04-23T10:53:54.579941 #16712] DEBUG -- : MONGODB | Server description for rocklov-db:27017 changed from 'unknown' to 'standalone'.
D, [2021-04-23T10:53:54.580479 #16712] DEBUG -- : MONGODB | Topology type 'Unknown' changed to type 'Single'.
D, [2021-04-23T10:53:54.610946 #16712] DEBUG -- : MONGODB | Server description for rocklov-db:27017 changed from 'standalone' to 'standalone'.
D, [2021-04-23T10:53:54.612862 #16712] DEBUG -- : MONGODB | There was a change in the members of the 'Single' topology.
D, [2021-04-23T10:53:54.613900 #16712] DEBUG -- : MONGODB | rocklov-db:27017 req:7 conn:1:1 sconn:44 | rocklov.delete | STARTED | {"delete"=>"users", "ordered"=>true, "deletes"=>[{"q"=>{"email"=>"jeferson@bol.com.br"}, "limit"=>0}], "$db"=>"rocklov", "lsid"=>{"id"=><BSON::Binary:0x717101978840 type=uuid data=0x4817c4a83734494a...>}}
D, [2021-04-23T10:53:54.635385 #16712] DEBUG -- : MONGODB | rocklov-db:27017 req:7 | rocklov.delete | SUCCEEDED | 0.021s
D, [2021-04-23T10:53:57.052944 #16712] DEBUG -- : MONGODB | Topology type 'unknown' initializing.
D, [2021-04-23T10:53:57.054061 #16712] DEBUG -- : MONGODB | There was a change in the members of the 'Unknown' topology.
D, [2021-04-23T10:53:57.054885 #16712] DEBUG -- : MONGODB | Server rocklov-db:27017 initializing.
D, [2021-04-23T10:53:57.055774 #16712] DEBUG -- : MONGODB | Waiting for up to 30.00 seconds for servers to be scanned: #<Cluster topology=Unknown[rocklov-db:27017] servers=[#<Server address=rocklov-db:27017 UNKNOWN>]>
D, [2021-04-23T10:53:57.083081 #16712] DEBUG -- : MONGODB | Server description for rocklov-db:27017 changed from 'unknown' to 'standalone'.
D, [2021-04-23T10:53:57.086433 #16712] DEBUG -- : MONGODB | Topology type 'Unknown' changed to type 'Single'.
D, [2021-04-23T10:53:57.123780 #16712] DEBUG -- : MONGODB | Server description for rocklov-db:27017 changed from 'standalone' to 'standalone'.
D, [2021-04-23T10:53:57.124485 #16712] DEBUG -- : MONGODB | There was a change in the members of the 'Single' topology.
D, [2021-04-23T10:53:57.129014 #16712] DEBUG -- : MONGODB | rocklov-db:27017 req:10 conn:1:1 sconn:47 | rocklov.delete | STARTED | {"delete"=>"users", "ordered"=>true, "deletes"=>[{"q"=>{"email"=>"jeferson@bol.com.br"}, "limit"=>0}], "$db"=>"rocklov", "lsid"=>{"id"=><BSON::Binary:0x717103228380 type=uuid data=0x76632fff72724b7b...>}}
D, [2021-04-23T10:53:57.153551 #16712] DEBUG -- : MONGODB | rocklov-db:27017 req:10 | rocklov.delete | SUCCEEDED | 0.024s
D, [2021-04-23T10:53:58.856427 #16712] DEBUG -- : MONGODB | Topology type 'unknown' initializing.
D, [2021-04-23T10:53:58.857025 #16712] DEBUG -- : MONGODB | There was a change in the members of the 'Unknown' topology.
D, [2021-04-23T10:53:58.857640 #16712] DEBUG -- : MONGODB | Server rocklov-db:27017 initializing.
D, [2021-04-23T10:53:58.859130 #16712] DEBUG -- : MONGODB | Waiting for up to 30.00 seconds for servers to be scanned: #<Cluster topology=Unknown[rocklov-db:27017] servers=[#<Server address=rocklov-db:27017 UNKNOWN>]>
D, [2021-04-23T10:53:58.885395 #16712] DEBUG -- : MONGODB | Server description for rocklov-db:27017 changed from 'unknown' to 'standalone'.
D, [2021-04-23T10:53:58.886616 #16712] DEBUG -- : MONGODB | Topology type 'Unknown' changed to type 'Single'.
D, [2021-04-23T10:53:58.913614 #16712] DEBUG -- : MONGODB | Server description for rocklov-db:27017 changed from 'standalone' to 'standalone'.
D, [2021-04-23T10:53:58.914068 #16712] DEBUG -- : MONGODB | There was a change in the members of the 'Single' topology.
D, [2021-04-23T10:53:58.915168 #16712] DEBUG -- : MONGODB | rocklov-db:27017 req:13 conn:1:1 sconn:49 | rocklov.delete | STARTED | {"delete"=>"users", "ordered"=>true, "deletes"=>[{"q"=>{"email"=>""}, "limit"=>0}], "$db"=>"rocklov", "lsid"=>{"id"=><BSON::Binary:0x717072839200 type=uuid data=0xf831175c35f84797...>}}
D, [2021-04-23T10:53:58.929281 #16712] DEBUG -- : MONGODB | rocklov-db:27017 req:13 | rocklov.delete | SUCCEEDED | 0.014s
D, [2021-04-23T10:54:00.933116 #16712] DEBUG -- : MONGODB | Topology type 'unknown' initializing.
D, [2021-04-23T10:54:00.937536 #16712] DEBUG -- : MONGODB | There was a change in the members of the 'Unknown' topology.
D, [2021-04-23T10:54:00.938300 #16712] DEBUG -- : MONGODB | Server rocklov-db:27017 initializing.
D, [2021-04-23T10:54:00.938732 #16712] DEBUG -- : MONGODB | Waiting for up to 30.00 seconds for servers to be scanned: #<Cluster topology=Unknown[rocklov-db:27017] servers=[#<Server address=rocklov-db:27017 UNKNOWN>]>
D, [2021-04-23T10:54:00.965448 #16712] DEBUG -- : MONGODB | Server description for rocklov-db:27017 changed from 'unknown' to 'standalone'.
D, [2021-04-23T10:54:00.965965 #16712] DEBUG -- : MONGODB | Topology type 'Unknown' changed to type 'Single'.
D, [2021-04-23T10:54:00.997925 #16712] DEBUG -- : MONGODB | Server description for rocklov-db:27017 changed from 'standalone' to 'standalone'.
D, [2021-04-23T10:54:00.999087 #16712] DEBUG -- : MONGODB | There was a change in the members of the 'Single' topology.
D, [2021-04-23T10:54:00.999941 #16712] DEBUG -- : MONGODB | rocklov-db:27017 req:16 conn:1:1 sconn:51 | rocklov.delete | STARTED | {"delete"=>"users", "ordered"=>true, "deletes"=>[{"q"=>{"email"=>"jeferson*bol.com.br"}, "limit"=>0}], "$db"=>"rocklov", "lsid"=>{"id"=><BSON::Binary:0x717103051300 type=uuid data=0x82c27b0a59a940d1...>}}
D, [2021-04-23T10:54:01.029985 #16712] DEBUG -- : MONGODB | rocklov-db:27017 req:16 | rocklov.delete | SUCCEEDED | 0.030s
D, [2021-04-23T10:54:02.753410 #16712] DEBUG -- : MONGODB | Topology type 'unknown' initializing.
D, [2021-04-23T10:54:02.763979 #16712] DEBUG -- : MONGODB | There was a change in the members of the 'Unknown' topology.
D, [2021-04-23T10:54:02.766113 #16712] DEBUG -- : MONGODB | Server rocklov-db:27017 initializing.
D, [2021-04-23T10:54:02.766919 #16712] DEBUG -- : MONGODB | Waiting for up to 30.00 seconds for servers to be scanned: #<Cluster topology=Unknown[rocklov-db:27017] servers=[#<Server address=rocklov-db:27017 UNKNOWN>]>
D, [2021-04-23T10:54:02.806342 #16712] DEBUG -- : MONGODB | Server description for rocklov-db:27017 changed from 'unknown' to 'standalone'.
D, [2021-04-23T10:54:02.807310 #16712] DEBUG -- : MONGODB | Topology type 'Unknown' changed to type 'Single'.
D, [2021-04-23T10:54:02.838753 #16712] DEBUG -- : MONGODB | Server description for rocklov-db:27017 changed from 'standalone' to 'standalone'.
D, [2021-04-23T10:54:02.839052 #16712] DEBUG -- : MONGODB | There was a change in the members of the 'Single' topology.
D, [2021-04-23T10:54:02.840347 #16712] DEBUG -- : MONGODB | rocklov-db:27017 req:19 conn:1:1 sconn:53 | rocklov.delete | STARTED | {"delete"=>"users", "ordered"=>true, "deletes"=>[{"q"=>{"email"=>"jeferson@bol.com.br"}, "limit"=>0}], "$db"=>"rocklov", "lsid"=>{"id"=><BSON::Binary:0x717101091800 type=uuid data=0x0fe8d1c375464b04...>}}
D, [2021-04-23T10:54:02.853630 #16712] DEBUG -- : MONGODB | rocklov-db:27017 req:19 | rocklov.delete | SUCCEEDED | 0.013s
D, [2021-04-23T10:54:04.506538 #16712] DEBUG -- : MONGODB | Server description for rocklov-db:27017 changed from 'standalone' to 'standalone'.
D, [2021-04-23T10:54:04.507190 #16712] DEBUG -- : MONGODB | There was a change in the members of the 'Single' topology.
D, [2021-04-23T10:54:04.508176 #16712] DEBUG -- : MONGODB | rocklov-db:27017 req:21 conn:1:2 sconn:54 | admin.endSessions | STARTED | {"endSessions"=>[{"id"=><BSON::Binary:0x717101091800 type=uuid data=0x0fe8d1c375464b04...>}], "$db"=>"admin"}
D, [2021-04-23T10:54:04.537899 #16712] DEBUG -- : MONGODB | rocklov-db:27017 req:21 | admin.endSessions | SUCCEEDED | 0.029s
D, [2021-04-23T10:54:04.569344 #16712] DEBUG -- : MONGODB | Server description for rocklov-db:27017 changed from 'standalone' to 'standalone'.
D, [2021-04-23T10:54:04.570711 #16712] DEBUG -- : MONGODB | There was a change in the members of the 'Single' topology.
D, [2021-04-23T10:54:04.571926 #16712] DEBUG -- : MONGODB | rocklov-db:27017 req:23 conn:1:2 sconn:55 | admin.endSessions | STARTED | {"endSessions"=>[{"id"=><BSON::Binary:0x717103051300 type=uuid data=0x82c27b0a59a940d1...>}], "$db"=>"admin"}
D, [2021-04-23T10:54:04.583402 #16712] DEBUG -- : MONGODB | rocklov-db:27017 req:23 | admin.endSessions | SUCCEEDED | 0.011s
D, [2021-04-23T10:54:04.645548 #16712] DEBUG -- : MONGODB | Server description for rocklov-db:27017 changed from 'standalone' to 'standalone'.
D, [2021-04-23T10:54:04.650412 #16712] DEBUG -- : MONGODB | There was a change in the members of the 'Single' topology.
D, [2021-04-23T10:54:04.651637 #16712] DEBUG -- : MONGODB | rocklov-db:27017 req:25 conn:1:2 sconn:56 | admin.endSessions | STARTED | {"endSessions"=>[{"id"=><BSON::Binary:0x717072839200 type=uuid data=0xf831175c35f84797...>}], "$db"=>"admin"}
D, [2021-04-23T10:54:04.678479 #16712] DEBUG -- : MONGODB | rocklov-db:27017 req:25 | admin.endSessions | SUCCEEDED | 0.025s
D, [2021-04-23T10:54:04.708077 #16712] DEBUG -- : MONGODB | Server description for rocklov-db:27017 changed from 'standalone' to 'standalone'.
D, [2021-04-23T10:54:04.708860 #16712] DEBUG -- : MONGODB | There was a change in the members of the 'Single' topology.
D, [2021-04-23T10:54:04.712928 #16712] DEBUG -- : MONGODB | rocklov-db:27017 req:27 conn:1:2 sconn:57 | admin.endSessions | STARTED | {"endSessions"=>[{"id"=><BSON::Binary:0x717103228380 type=uuid data=0x76632fff72724b7b...>}], "$db"=>"admin"}
D, [2021-04-23T10:54:04.738645 #16712] DEBUG -- : MONGODB | rocklov-db:27017 req:27 | admin.endSessions | SUCCEEDED | 0.024s
D, [2021-04-23T10:54:04.770982 #16712] DEBUG -- : MONGODB | Server description for rocklov-db:27017 changed from 'standalone' to 'standalone'.
D, [2021-04-23T10:54:04.771464 #16712] DEBUG -- : MONGODB | There was a change in the members of the 'Single' topology.
D, [2021-04-23T10:54:04.772288 #16712] DEBUG -- : MONGODB | rocklov-db:27017 req:29 conn:1:2 sconn:58 | admin.endSessions | STARTED | {"endSessions"=>[{"id"=><BSON::Binary:0x717101978840 type=uuid data=0x4817c4a83734494a...>}], "$db"=>"admin"}
D, [2021-04-23T10:54:04.786834 #16712] DEBUG -- : MONGODB | rocklov-db:27017 req:29 | admin.endSessions | SUCCEEDED | 0.013s
D, [2021-04-23T11:05:44.486112 #2472] DEBUG -- : MONGODB | Topology type 'unknown' initializing.
D, [2021-04-23T11:05:44.488844 #2472] DEBUG -- : MONGODB | There was a change in the members of the 'Unknown' topology.
D, [2021-04-23T11:05:44.489885 #2472] DEBUG -- : MONGODB | Server rocklov-db:27017 initializing.
D, [2021-04-23T11:05:44.490820 #2472] DEBUG -- : MONGODB | Waiting for up to 30.00 seconds for servers to be scanned: #<Cluster topology=Unknown[rocklov-db:27017] servers=[#<Server address=rocklov-db:27017 UNKNOWN>]>
D, [2021-04-23T11:05:44.526385 #2472] DEBUG -- : MONGODB | Server description for rocklov-db:27017 changed from 'unknown' to 'standalone'.
D, [2021-04-23T11:05:44.526866 #2472] DEBUG -- : MONGODB | Topology type 'Unknown' changed to type 'Single'.
D, [2021-04-23T11:05:44.557683 #2472] DEBUG -- : MONGODB | Server description for rocklov-db:27017 changed from 'standalone' to 'standalone'.
D, [2021-04-23T11:05:44.558247 #2472] DEBUG -- : MONGODB | There was a change in the members of the 'Single' topology.
D, [2021-04-23T11:05:44.559218 #2472] DEBUG -- : MONGODB | rocklov-db:27017 req:7 conn:1:1 sconn:60 | rocklov.delete | STARTED | {"delete"=>"users", "ordered"=>true, "deletes"=>[{"q"=>{"email"=>"jeferson@bol.com.br"}, "limit"=>0}], "$db"=>"rocklov", "lsid"=>{"id"=><BSON::Binary:0x719437895140 type=uuid data=0x85469882f5024d02...>}}
D, [2021-04-23T11:05:44.588297 #2472] DEBUG -- : MONGODB | rocklov-db:27017 req:7 | rocklov.delete | SUCCEEDED | 0.028s
D, [2021-04-23T11:05:46.589579 #2472] DEBUG -- : MONGODB | Topology type 'unknown' initializing.
D, [2021-04-23T11:05:46.590555 #2472] DEBUG -- : MONGODB | There was a change in the members of the 'Unknown' topology.
D, [2021-04-23T11:05:46.591032 #2472] DEBUG -- : MONGODB | Server rocklov-db:27017 initializing.
D, [2021-04-23T11:05:46.591902 #2472] DEBUG -- : MONGODB | Waiting for up to 30.00 seconds for servers to be scanned: #<Cluster topology=Unknown[rocklov-db:27017] servers=[#<Server address=rocklov-db:27017 UNKNOWN>]>
D, [2021-04-23T11:05:46.627343 #2472] DEBUG -- : MONGODB | Server description for rocklov-db:27017 changed from 'unknown' to 'standalone'.
D, [2021-04-23T11:05:46.628304 #2472] DEBUG -- : MONGODB | Topology type 'Unknown' changed to type 'Single'.
D, [2021-04-23T11:05:46.648726 #2472] DEBUG -- : MONGODB | Server description for rocklov-db:27017 changed from 'standalone' to 'standalone'.
D, [2021-04-23T11:05:46.649107 #2472] DEBUG -- : MONGODB | There was a change in the members of the 'Single' topology.
D, [2021-04-23T11:05:46.650042 #2472] DEBUG -- : MONGODB | rocklov-db:27017 req:10 conn:1:1 sconn:63 | rocklov.delete | STARTED | {"delete"=>"users", "ordered"=>true, "deletes"=>[{"q"=>{"email"=>"jeferson@bol.com.br"}, "limit"=>0}], "$db"=>"rocklov", "lsid"=>{"id"=><BSON::Binary:0x719438969140 type=uuid data=0xea2274cf6d794aaa...>}}
D, [2021-04-23T11:05:46.664611 #2472] DEBUG -- : MONGODB | rocklov-db:27017 req:10 | rocklov.delete | SUCCEEDED | 0.014s
D, [2021-04-23T11:05:47.915767 #2472] DEBUG -- : MONGODB | Topology type 'unknown' initializing.
D, [2021-04-23T11:05:47.916320 #2472] DEBUG -- : MONGODB | There was a change in the members of the 'Unknown' topology.
D, [2021-04-23T11:05:47.916637 #2472] DEBUG -- : MONGODB | Server rocklov-db:27017 initializing.
D, [2021-04-23T11:05:47.916997 #2472] DEBUG -- : MONGODB | Waiting for up to 30.00 seconds for servers to be scanned: #<Cluster topology=Unknown[rocklov-db:27017] servers=[#<Server address=rocklov-db:27017 UNKNOWN>]>
D, [2021-04-23T11:05:47.946350 #2472] DEBUG -- : MONGODB | Server description for rocklov-db:27017 changed from 'unknown' to 'standalone'.
D, [2021-04-23T11:05:47.948654 #2472] DEBUG -- : MONGODB | Topology type 'Unknown' changed to type 'Single'.
D, [2021-04-23T11:05:47.977449 #2472] DEBUG -- : MONGODB | Server description for rocklov-db:27017 changed from 'standalone' to 'standalone'.
D, [2021-04-23T11:05:47.977880 #2472] DEBUG -- : MONGODB | There was a change in the members of the 'Single' topology.
D, [2021-04-23T11:05:47.978932 #2472] DEBUG -- : MONGODB | rocklov-db:27017 req:13 conn:1:1 sconn:65 | rocklov.delete | STARTED | {"delete"=>"users", "ordered"=>true, "deletes"=>[{"q"=>{"email"=>""}, "limit"=>0}], "$db"=>"rocklov", "lsid"=>{"id"=><BSON::Binary:0x719410177800 type=uuid data=0xcc2781224f0341ec...>}}
D, [2021-04-23T11:05:47.993289 #2472] DEBUG -- : MONGODB | rocklov-db:27017 req:13 | rocklov.delete | SUCCEEDED | 0.013s
D, [2021-04-23T11:05:49.341597 #2472] DEBUG -- : MONGODB | Topology type 'unknown' initializing.
D, [2021-04-23T11:05:49.342415 #2472] DEBUG -- : MONGODB | There was a change in the members of the 'Unknown' topology.
D, [2021-04-23T11:05:49.342911 #2472] DEBUG -- : MONGODB | Server rocklov-db:27017 initializing.
D, [2021-04-23T11:05:49.343584 #2472] DEBUG -- : MONGODB | Waiting for up to 30.00 seconds for servers to be scanned: #<Cluster topology=Unknown[rocklov-db:27017] servers=[#<Server address=rocklov-db:27017 UNKNOWN>]>
D, [2021-04-23T11:05:49.371636 #2472] DEBUG -- : MONGODB | Server description for rocklov-db:27017 changed from 'unknown' to 'standalone'.
D, [2021-04-23T11:05:49.373596 #2472] DEBUG -- : MONGODB | Topology type 'Unknown' changed to type 'Single'.
D, [2021-04-23T11:05:49.402823 #2472] DEBUG -- : MONGODB | Server description for rocklov-db:27017 changed from 'standalone' to 'standalone'.
D, [2021-04-23T11:05:49.403191 #2472] DEBUG -- : MONGODB | There was a change in the members of the 'Single' topology.
D, [2021-04-23T11:05:49.404195 #2472] DEBUG -- : MONGODB | rocklov-db:27017 req:16 conn:1:1 sconn:67 | rocklov.delete | STARTED | {"delete"=>"users", "ordered"=>true, "deletes"=>[{"q"=>{"email"=>"jeferson*bol.com.br"}, "limit"=>0}], "$db"=>"rocklov", "lsid"=>{"id"=><BSON::Binary:0x719438566440 type=uuid data=0x0c7085992f744cf0...>}}
D, [2021-04-23T11:05:49.418504 #2472] DEBUG -- : MONGODB | rocklov-db:27017 req:16 | rocklov.delete | SUCCEEDED | 0.014s
D, [2021-04-23T11:05:50.625106 #2472] DEBUG -- : MONGODB | Topology type 'unknown' initializing.
D, [2021-04-23T11:05:50.626277 #2472] DEBUG -- : MONGODB | There was a change in the members of the 'Unknown' topology.
D, [2021-04-23T11:05:50.626913 #2472] DEBUG -- : MONGODB | Server rocklov-db:27017 initializing.
D, [2021-04-23T11:05:50.627467 #2472] DEBUG -- : MONGODB | Waiting for up to 30.00 seconds for servers to be scanned: #<Cluster topology=Unknown[rocklov-db:27017] servers=[#<Server address=rocklov-db:27017 UNKNOWN>]>
D, [2021-04-23T11:05:50.666022 #2472] DEBUG -- : MONGODB | Server description for rocklov-db:27017 changed from 'unknown' to 'standalone'.
D, [2021-04-23T11:05:50.666647 #2472] DEBUG -- : MONGODB | Topology type 'Unknown' changed to type 'Single'.
D, [2021-04-23T11:05:50.693346 #2472] DEBUG -- : MONGODB | Server description for rocklov-db:27017 changed from 'standalone' to 'standalone'.
D, [2021-04-23T11:05:50.693847 #2472] DEBUG -- : MONGODB | There was a change in the members of the 'Single' topology.
D, [2021-04-23T11:05:50.694757 #2472] DEBUG -- : MONGODB | rocklov-db:27017 req:19 conn:1:1 sconn:69 | rocklov.delete | STARTED | {"delete"=>"users", "ordered"=>true, "deletes"=>[{"q"=>{"email"=>"jeferson&bol.com.br"}, "limit"=>0}], "$db"=>"rocklov", "lsid"=>{"id"=><BSON::Binary:0x719436295380 type=uuid data=0x9935092e73e844c0...>}}
D, [2021-04-23T11:05:50.708338 #2472] DEBUG -- : MONGODB | rocklov-db:27017 req:19 | rocklov.delete | SUCCEEDED | 0.013s
D, [2021-04-23T11:05:52.008311 #2472] DEBUG -- : MONGODB | Topology type 'unknown' initializing.
D, [2021-04-23T11:05:52.008875 #2472] DEBUG -- : MONGODB | There was a change in the members of the 'Unknown' topology.
D, [2021-04-23T11:05:52.009284 #2472] DEBUG -- : MONGODB | Server rocklov-db:27017 initializing.
D, [2021-04-23T11:05:52.010021 #2472] DEBUG -- : MONGODB | Waiting for up to 30.00 seconds for servers to be scanned: #<Cluster topology=Unknown[rocklov-db:27017] servers=[#<Server address=rocklov-db:27017 UNKNOWN>]>
D, [2021-04-23T11:05:52.038560 #2472] DEBUG -- : MONGODB | Server description for rocklov-db:27017 changed from 'unknown' to 'standalone'.
D, [2021-04-23T11:05:52.040412 #2472] DEBUG -- : MONGODB | Topology type 'Unknown' changed to type 'Single'.
D, [2021-04-23T11:05:52.068083 #2472] DEBUG -- : MONGODB | Server description for rocklov-db:27017 changed from 'standalone' to 'standalone'.
D, [2021-04-23T11:05:52.068442 #2472] DEBUG -- : MONGODB | There was a change in the members of the 'Single' topology.
D, [2021-04-23T11:05:52.069339 #2472] DEBUG -- : MONGODB | rocklov-db:27017 req:22 conn:1:1 sconn:71 | rocklov.delete | STARTED | {"delete"=>"users", "ordered"=>true, "deletes"=>[{"q"=>{"email"=>"jeferson@bol.com.br"}, "limit"=>0}], "$db"=>"rocklov", "lsid"=>{"id"=><BSON::Binary:0x719429990100 type=uuid data=0xaf37e88f76114675...>}}
D, [2021-04-23T11:05:52.084001 #2472] DEBUG -- : MONGODB | rocklov-db:27017 req:22 | rocklov.delete | SUCCEEDED | 0.014s
D, [2021-04-23T11:05:53.391787 #2472] DEBUG -- : MONGODB | Server description for rocklov-db:27017 changed from 'standalone' to 'standalone'.
D, [2021-04-23T11:05:53.392275 #2472] DEBUG -- : MONGODB | There was a change in the members of the 'Single' topology.
D, [2021-04-23T11:05:53.393117 #2472] DEBUG -- : MONGODB | rocklov-db:27017 req:24 conn:1:2 sconn:72 | admin.endSessions | STARTED | {"endSessions"=>[{"id"=><BSON::Binary:0x719429990100 type=uuid data=0xaf37e88f76114675...>}], "$db"=>"admin"}
D, [2021-04-23T11:05:53.406700 #2472] DEBUG -- : MONGODB | rocklov-db:27017 req:24 | admin.endSessions | SUCCEEDED | 0.013s
D, [2021-04-23T11:05:53.438475 #2472] DEBUG -- : MONGODB | Server description for rocklov-db:27017 changed from 'standalone' to 'standalone'.
D, [2021-04-23T11:05:53.438889 #2472] DEBUG -- : MONGODB | There was a change in the members of the 'Single' topology.
D, [2021-04-23T11:05:53.439890 #2472] DEBUG -- : MONGODB | rocklov-db:27017 req:26 conn:1:2 sconn:73 | admin.endSessions | STARTED | {"endSessions"=>[{"id"=><BSON::Binary:0x719436295380 type=uuid data=0x9935092e73e844c0...>}], "$db"=>"admin"}
D, [2021-04-23T11:05:53.454640 #2472] DEBUG -- : MONGODB | rocklov-db:27017 req:26 | admin.endSessions | SUCCEEDED | 0.014s
D, [2021-04-23T11:05:53.484851 #2472] DEBUG -- : MONGODB | Server description for rocklov-db:27017 changed from 'standalone' to 'standalone'.
D, [2021-04-23T11:05:53.485297 #2472] DEBUG -- : MONGODB | There was a change in the members of the 'Single' topology.
D, [2021-04-23T11:05:53.486102 #2472] DEBUG -- : MONGODB | rocklov-db:27017 req:28 conn:1:2 sconn:74 | admin.endSessions | STARTED | {"endSessions"=>[{"id"=><BSON::Binary:0x719438566440 type=uuid data=0x0c7085992f744cf0...>}], "$db"=>"admin"}
D, [2021-04-23T11:05:53.500020 #2472] DEBUG -- : MONGODB | rocklov-db:27017 req:28 | admin.endSessions | SUCCEEDED | 0.014s
D, [2021-04-23T11:05:53.534179 #2472] DEBUG -- : MONGODB | Server description for rocklov-db:27017 changed from 'standalone' to 'standalone'.
D, [2021-04-23T11:05:53.535172 #2472] DEBUG -- : MONGODB | There was a change in the members of the 'Single' topology.
D, [2021-04-23T11:05:53.536293 #2472] DEBUG -- : MONGODB | rocklov-db:27017 req:30 conn:1:2 sconn:75 | admin.endSessions | STARTED | {"endSessions"=>[{"id"=><BSON::Binary:0x719410177800 type=uuid data=0xcc2781224f0341ec...>}], "$db"=>"admin"}
D, [2021-04-23T11:05:53.563809 #2472] DEBUG -- : MONGODB | rocklov-db:27017 req:30 | admin.endSessions | SUCCEEDED | 0.027s
D, [2021-04-23T11:05:53.594787 #2472] DEBUG -- : MONGODB | Server description for rocklov-db:27017 changed from 'standalone' to 'standalone'.
D, [2021-04-23T11:05:53.595388 #2472] DEBUG -- : MONGODB | There was a change in the members of the 'Single' topology.
D, [2021-04-23T11:05:53.596268 #2472] DEBUG -- : MONGODB | rocklov-db:27017 req:32 conn:1:2 sconn:76 | admin.endSessions | STARTED | {"endSessions"=>[{"id"=><BSON::Binary:0x719438969140 type=uuid data=0xea2274cf6d794aaa...>}], "$db"=>"admin"}
D, [2021-04-23T11:05:53.608658 #2472] DEBUG -- : MONGODB | rocklov-db:27017 req:32 | admin.endSessions | SUCCEEDED | 0.012s
D, [2021-04-23T11:05:53.640653 #2472] DEBUG -- : MONGODB | Server description for rocklov-db:27017 changed from 'standalone' to 'standalone'.
D, [2021-04-23T11:05:53.641323 #2472] DEBUG -- : MONGODB | There was a change in the members of the 'Single' topology.
D, [2021-04-23T11:05:53.642220 #2472] DEBUG -- : MONGODB | rocklov-db:27017 req:34 conn:1:2 sconn:77 | admin.endSessions | STARTED | {"endSessions"=>[{"id"=><BSON::Binary:0x719437895140 type=uuid data=0x85469882f5024d02...>}], "$db"=>"admin"}
D, [2021-04-23T11:05:53.655289 #2472] DEBUG -- : MONGODB | rocklov-db:27017 req:34 | admin.endSessions | SUCCEEDED | 0.013s
D, [2021-04-23T11:40:45.939571 #17372] DEBUG -- : MONGODB | Topology type 'unknown' initializing.
D, [2021-04-23T11:40:45.940371 #17372] DEBUG -- : MONGODB | There was a change in the members of the 'Unknown' topology.
D, [2021-04-23T11:40:45.941231 #17372] DEBUG -- : MONGODB | Server rocklov-db:27017 initializing.
D, [2021-04-23T11:40:45.942728 #17372] DEBUG -- : MONGODB | Waiting for up to 30.00 seconds for servers to be scanned: #<Cluster topology=Unknown[rocklov-db:27017] servers=[#<Server address=rocklov-db:27017 UNKNOWN>]>
D, [2021-04-23T11:40:45.981197 #17372] DEBUG -- : MONGODB | Server description for rocklov-db:27017 changed from 'unknown' to 'standalone'.
D, [2021-04-23T11:40:45.982014 #17372] DEBUG -- : MONGODB | Topology type 'Unknown' changed to type 'Single'.
D, [2021-04-23T11:40:46.067003 #17372] DEBUG -- : MONGODB | Server description for rocklov-db:27017 changed from 'standalone' to 'standalone'.
D, [2021-04-23T11:40:46.067600 #17372] DEBUG -- : MONGODB | There was a change in the members of the 'Single' topology.
D, [2021-04-23T11:40:46.069831 #17372] DEBUG -- : MONGODB | rocklov-db:27017 req:7 conn:1:1 sconn:81 | rocklov.delete | STARTED | {"delete"=>"users", "ordered"=>true, "deletes"=>[{"q"=>{"email"=>"jeferson@bol.com.br"}, "limit"=>0}], "$db"=>"rocklov", "lsid"=>{"id"=><BSON::Binary:0x1369748415420 type=uuid data=0x352e904d4fe149fc...>}}
D, [2021-04-23T11:40:46.089203 #17372] DEBUG -- : MONGODB | rocklov-db:27017 req:7 | rocklov.delete | SUCCEEDED | 0.018s
D, [2021-04-23T11:40:48.084016 #17372] DEBUG -- : MONGODB | Topology type 'unknown' initializing.
D, [2021-04-23T11:40:48.084749 #17372] DEBUG -- : MONGODB | There was a change in the members of the 'Unknown' topology.
D, [2021-04-23T11:40:48.085134 #17372] DEBUG -- : MONGODB | Server rocklov-db:27017 initializing.
D, [2021-04-23T11:40:48.085505 #17372] DEBUG -- : MONGODB | Waiting for up to 30.00 seconds for servers to be scanned: #<Cluster topology=Unknown[rocklov-db:27017] servers=[#<Server address=rocklov-db:27017 UNKNOWN>]>
D, [2021-04-23T11:40:48.114313 #17372] DEBUG -- : MONGODB | Server description for rocklov-db:27017 changed from 'unknown' to 'standalone'.
D, [2021-04-23T11:40:48.115012 #17372] DEBUG -- : MONGODB | Topology type 'Unknown' changed to type 'Single'.
D, [2021-04-23T11:40:48.144322 #17372] DEBUG -- : MONGODB | Server description for rocklov-db:27017 changed from 'standalone' to 'standalone'.
D, [2021-04-23T11:40:48.144652 #17372] DEBUG -- : MONGODB | There was a change in the members of the 'Single' topology.
D, [2021-04-23T11:40:48.145516 #17372] DEBUG -- : MONGODB | rocklov-db:27017 req:10 conn:1:1 sconn:83 | rocklov.delete | STARTED | {"delete"=>"users", "ordered"=>true, "deletes"=>[{"q"=>{"email"=>"jeferson@bol.com.br"}, "limit"=>0}], "$db"=>"rocklov", "lsid"=>{"id"=><BSON::Binary:0x1369762162820 type=uuid data=0x3fcfcec4c06a4f49...>}}
D, [2021-04-23T11:40:48.159759 #17372] DEBUG -- : MONGODB | rocklov-db:27017 req:10 | rocklov.delete | SUCCEEDED | 0.014s
D, [2021-04-23T11:40:49.572900 #17372] DEBUG -- : MONGODB | Topology type 'unknown' initializing.
D, [2021-04-23T11:40:49.573961 #17372] DEBUG -- : MONGODB | There was a change in the members of the 'Unknown' topology.
D, [2021-04-23T11:40:49.574970 #17372] DEBUG -- : MONGODB | Server rocklov-db:27017 initializing.
D, [2021-04-23T11:40:49.576645 #17372] DEBUG -- : MONGODB | Waiting for up to 30.00 seconds for servers to be scanned: #<Cluster topology=Unknown[rocklov-db:27017] servers=[#<Server address=rocklov-db:27017 UNKNOWN>]>
D, [2021-04-23T11:40:49.630111 #17372] DEBUG -- : MONGODB | Server description for rocklov-db:27017 changed from 'unknown' to 'standalone'.
D, [2021-04-23T11:40:49.636223 #17372] DEBUG -- : MONGODB | Topology type 'Unknown' changed to type 'Single'.
D, [2021-04-23T11:40:49.671911 #17372] DEBUG -- : MONGODB | Server description for rocklov-db:27017 changed from 'standalone' to 'standalone'.
D, [2021-04-23T11:40:49.672491 #17372] DEBUG -- : MONGODB | There was a change in the members of the 'Single' topology.
D, [2021-04-23T11:40:49.673429 #17372] DEBUG -- : MONGODB | rocklov-db:27017 req:13 conn:1:1 sconn:85 | rocklov.delete | STARTED | {"delete"=>"users", "ordered"=>true, "deletes"=>[{"q"=>{"email"=>""}, "limit"=>0}], "$db"=>"rocklov", "lsid"=>{"id"=><BSON::Binary:0x1369758620120 type=uuid data=0x7d89707e63664782...>}}
D, [2021-04-23T11:40:49.703850 #17372] DEBUG -- : MONGODB | rocklov-db:27017 req:13 | rocklov.delete | SUCCEEDED | 0.030s
D, [2021-04-23T11:40:51.117204 #17372] DEBUG -- : MONGODB | Topology type 'unknown' initializing.
D, [2021-04-23T11:40:51.118422 #17372] DEBUG -- : MONGODB | There was a change in the members of the 'Unknown' topology.
D, [2021-04-23T11:40:51.118980 #17372] DEBUG -- : MONGODB | Server rocklov-db:27017 initializing.
D, [2021-04-23T11:40:51.120588 #17372] DEBUG -- : MONGODB | Waiting for up to 30.00 seconds for servers to be scanned: #<Cluster topology=Unknown[rocklov-db:27017] servers=[#<Server address=rocklov-db:27017 UNKNOWN>]>
D, [2021-04-23T11:40:51.146059 #17372] DEBUG -- : MONGODB | Server description for rocklov-db:27017 changed from 'unknown' to 'standalone'.
D, [2021-04-23T11:40:51.146647 #17372] DEBUG -- : MONGODB | Topology type 'Unknown' changed to type 'Single'.
D, [2021-04-23T11:40:51.176458 #17372] DEBUG -- : MONGODB | Server description for rocklov-db:27017 changed from 'standalone' to 'standalone'.
D, [2021-04-23T11:40:51.176843 #17372] DEBUG -- : MONGODB | There was a change in the members of the 'Single' topology.
D, [2021-04-23T11:40:51.177546 #17372] DEBUG -- : MONGODB | rocklov-db:27017 req:16 conn:1:1 sconn:87 | rocklov.delete | STARTED | {"delete"=>"users", "ordered"=>true, "deletes"=>[{"q"=>{"email"=>"jeferson*bol.com.br"}, "limit"=>0}], "$db"=>"rocklov", "lsid"=>{"id"=><BSON::Binary:0x1369756023080 type=uuid data=0x1663f747e1ad4939...>}}
D, [2021-04-23T11:40:51.190859 #17372] DEBUG -- : MONGODB | rocklov-db:27017 req:16 | rocklov.delete | SUCCEEDED | 0.013s
D, [2021-04-23T11:40:52.536078 #17372] DEBUG -- : MONGODB | Topology type 'unknown' initializing.
D, [2021-04-23T11:40:52.536915 #17372] DEBUG -- : MONGODB | There was a change in the members of the 'Unknown' topology.
D, [2021-04-23T11:40:52.537760 #17372] DEBUG -- : MONGODB | Server rocklov-db:27017 initializing.
D, [2021-04-23T11:40:52.538821 #17372] DEBUG -- : MONGODB | Waiting for up to 30.00 seconds for servers to be scanned: #<Cluster topology=Unknown[rocklov-db:27017] servers=[#<Server address=rocklov-db:27017 UNKNOWN>]>
D, [2021-04-23T11:40:52.613363 #17372] DEBUG -- : MONGODB | Server description for rocklov-db:27017 changed from 'unknown' to 'standalone'.
D, [2021-04-23T11:40:52.613878 #17372] DEBUG -- : MONGODB | Topology type 'Unknown' changed to type 'Single'.
D, [2021-04-23T11:40:52.640793 #17372] DEBUG -- : MONGODB | Server description for rocklov-db:27017 changed from 'standalone' to 'standalone'.
D, [2021-04-23T11:40:52.645984 #17372] DEBUG -- : MONGODB | There was a change in the members of the 'Single' topology.
D, [2021-04-23T11:40:52.647514 #17372] DEBUG -- : MONGODB | rocklov-db:27017 req:19 conn:1:1 sconn:89 | rocklov.delete | STARTED | {"delete"=>"users", "ordered"=>true, "deletes"=>[{"q"=>{"email"=>"jeferson&bol.com.br"}, "limit"=>0}], "$db"=>"rocklov", "lsid"=>{"id"=><BSON::Binary:0x1369748939760 type=uuid data=0x4b6810eba1e54f67...>}}
D, [2021-04-23T11:40:52.681979 #17372] DEBUG -- : MONGODB | rocklov-db:27017 req:19 | rocklov.delete | SUCCEEDED | 0.034s
D, [2021-04-23T11:40:54.188805 #17372] DEBUG -- : MONGODB | Topology type 'unknown' initializing.
D, [2021-04-23T11:40:54.189757 #17372] DEBUG -- : MONGODB | There was a change in the members of the 'Unknown' topology.
D, [2021-04-23T11:40:54.190331 #17372] DEBUG -- : MONGODB | Server rocklov-db:27017 initializing.
D, [2021-04-23T11:40:54.190804 #17372] DEBUG -- : MONGODB | Waiting for up to 30.00 seconds for servers to be scanned: #<Cluster topology=Unknown[rocklov-db:27017] servers=[#<Server address=rocklov-db:27017 UNKNOWN>]>
D, [2021-04-23T11:40:54.219793 #17372] DEBUG -- : MONGODB | Server description for rocklov-db:27017 changed from 'unknown' to 'standalone'.
D, [2021-04-23T11:40:54.220305 #17372] DEBUG -- : MONGODB | Topology type 'Unknown' changed to type 'Single'.
D, [2021-04-23T11:40:54.248250 #17372] DEBUG -- : MONGODB | Server description for rocklov-db:27017 changed from 'standalone' to 'standalone'.
D, [2021-04-23T11:40:54.248683 #17372] DEBUG -- : MONGODB | There was a change in the members of the 'Single' topology.
D, [2021-04-23T11:40:54.249746 #17372] DEBUG -- : MONGODB | rocklov-db:27017 req:22 conn:1:1 sconn:91 | rocklov.delete | STARTED | {"delete"=>"users", "ordered"=>true, "deletes"=>[{"q"=>{"email"=>"jeferson@bol.com.br"}, "limit"=>0}], "$db"=>"rocklov", "lsid"=>{"id"=><BSON::Binary:0x1369762248420 type=uuid data=0x485daf15e0234f87...>}}
D, [2021-04-23T11:40:54.279494 #17372] DEBUG -- : MONGODB | rocklov-db:27017 req:22 | rocklov.delete | SUCCEEDED | 0.029s
D, [2021-04-23T11:40:56.014912 #17372] DEBUG -- : MONGODB | Server description for rocklov-db:27017 changed from 'standalone' to 'standalone'.
D, [2021-04-23T11:40:56.015737 #17372] DEBUG -- : MONGODB | There was a change in the members of the 'Single' topology.
D, [2021-04-23T11:40:58.143442 #17372] DEBUG -- : MONGODB | Server description for rocklov-db:27017 changed from 'standalone' to 'standalone'.
D, [2021-04-23T11:40:58.144079 #17372] DEBUG -- : MONGODB | There was a change in the members of the 'Single' topology.
D, [2021-04-23T11:40:59.671688 #17372] DEBUG -- : MONGODB | Server description for rocklov-db:27017 changed from 'standalone' to 'standalone'.
D, [2021-04-23T11:40:59.672319 #17372] DEBUG -- : MONGODB | There was a change in the members of the 'Single' topology.
D, [2021-04-23T11:41:01.156347 #17372] DEBUG -- : MONGODB | Server description for rocklov-db:27017 changed from 'standalone' to 'standalone'.
D, [2021-04-23T11:41:01.156733 #17372] DEBUG -- : MONGODB | There was a change in the members of the 'Single' topology.
D, [2021-04-23T11:41:02.648482 #17372] DEBUG -- : MONGODB | Server description for rocklov-db:27017 changed from 'standalone' to 'standalone'.
D, [2021-04-23T11:41:02.648952 #17372] DEBUG -- : MONGODB | There was a change in the members of the 'Single' topology.
D, [2021-04-23T11:41:03.511415 #17372] DEBUG -- : MONGODB | Server description for rocklov-db:27017 changed from 'standalone' to 'standalone'.
D, [2021-04-23T11:41:03.511777 #17372] DEBUG -- : MONGODB | There was a change in the members of the 'Single' topology.
D, [2021-04-23T11:41:03.512345 #17372] DEBUG -- : MONGODB | rocklov-db:27017 req:24 conn:1:2 sconn:92 | admin.endSessions | STARTED | {"endSessions"=>[{"id"=><BSON::Binary:0x1369762248420 type=uuid data=0x485daf15e0234f87...>}], "$db"=>"admin"}
D, [2021-04-23T11:41:03.530147 #17372] DEBUG -- : MONGODB | rocklov-db:27017 req:24 | admin.endSessions | SUCCEEDED | 0.017s
D, [2021-04-23T11:41:03.562348 #17372] DEBUG -- : MONGODB | Server description for rocklov-db:27017 changed from 'standalone' to 'standalone'.
D, [2021-04-23T11:41:03.563237 #17372] DEBUG -- : MONGODB | There was a change in the members of the 'Single' topology.
D, [2021-04-23T11:41:03.564015 #17372] DEBUG -- : MONGODB | rocklov-db:27017 req:26 conn:1:2 sconn:93 | admin.endSessions | STARTED | {"endSessions"=>[{"id"=><BSON::Binary:0x1369748939760 type=uuid data=0x4b6810eba1e54f67...>}], "$db"=>"admin"}
D, [2021-04-23T11:41:03.576583 #17372] DEBUG -- : MONGODB | rocklov-db:27017 req:26 | admin.endSessions | SUCCEEDED | 0.012s
D, [2021-04-23T11:41:03.607460 #17372] DEBUG -- : MONGODB | Server description for rocklov-db:27017 changed from 'standalone' to 'standalone'.
D, [2021-04-23T11:41:03.607901 #17372] DEBUG -- : MONGODB | There was a change in the members of the 'Single' topology.
D, [2021-04-23T11:41:03.608821 #17372] DEBUG -- : MONGODB | rocklov-db:27017 req:28 conn:1:2 sconn:94 | admin.endSessions | STARTED | {"endSessions"=>[{"id"=><BSON::Binary:0x1369756023080 type=uuid data=0x1663f747e1ad4939...>}], "$db"=>"admin"}
D, [2021-04-23T11:41:03.622443 #17372] DEBUG -- : MONGODB | rocklov-db:27017 req:28 | admin.endSessions | SUCCEEDED | 0.013s
D, [2021-04-23T11:41:03.653990 #17372] DEBUG -- : MONGODB | Server description for rocklov-db:27017 changed from 'standalone' to 'standalone'.
D, [2021-04-23T11:41:03.654308 #17372] DEBUG -- : MONGODB | There was a change in the members of the 'Single' topology.
D, [2021-04-23T11:41:03.654905 #17372] DEBUG -- : MONGODB | rocklov-db:27017 req:30 conn:1:2 sconn:95 | admin.endSessions | STARTED | {"endSessions"=>[{"id"=><BSON::Binary:0x1369758620120 type=uuid data=0x7d89707e63664782...>}], "$db"=>"admin"}
D, [2021-04-23T11:41:03.669779 #17372] DEBUG -- : MONGODB | rocklov-db:27017 req:30 | admin.endSessions | SUCCEEDED | 0.015s
D, [2021-04-23T11:41:03.700776 #17372] DEBUG -- : MONGODB | Server description for rocklov-db:27017 changed from 'standalone' to 'standalone'.
D, [2021-04-23T11:41:03.701628 #17372] DEBUG -- : MONGODB | There was a change in the members of the 'Single' topology.
D, [2021-04-23T11:41:03.702847 #17372] DEBUG -- : MONGODB | rocklov-db:27017 req:32 conn:1:2 sconn:96 | admin.endSessions | STARTED | {"endSessions"=>[{"id"=><BSON::Binary:0x1369762162820 type=uuid data=0x3fcfcec4c06a4f49...>}], "$db"=>"admin"}
D, [2021-04-23T11:41:03.715072 #17372] DEBUG -- : MONGODB | rocklov-db:27017 req:32 | admin.endSessions | SUCCEEDED | 0.012s
D, [2021-04-23T11:41:03.745134 #17372] DEBUG -- : MONGODB | Server description for rocklov-db:27017 changed from 'standalone' to 'standalone'.
D, [2021-04-23T11:41:03.745535 #17372] DEBUG -- : MONGODB | There was a change in the members of the 'Single' topology.
D, [2021-04-23T11:41:03.746197 #17372] DEBUG -- : MONGODB | rocklov-db:27017 req:34 conn:1:2 sconn:97 | admin.endSessions | STARTED | {"endSessions"=>[{"id"=><BSON::Binary:0x1369748415420 type=uuid data=0x352e904d4fe149fc...>}], "$db"=>"admin"}
D, [2021-04-23T11:41:03.762104 #17372] DEBUG -- : MONGODB | rocklov-db:27017 req:34 | admin.endSessions | SUCCEEDED | 0.015s
D, [2021-04-23T11:45:32.957876 #16476] DEBUG -- : MONGODB | Topology type 'unknown' initializing.
D, [2021-04-23T11:45:32.960345 #16476] DEBUG -- : MONGODB | There was a change in the members of the 'Unknown' topology.
D, [2021-04-23T11:45:32.960773 #16476] DEBUG -- : MONGODB | Server rocklov-db:27017 initializing.
D, [2021-04-23T11:45:32.961271 #16476] DEBUG -- : MONGODB | Waiting for up to 30.00 seconds for servers to be scanned: #<Cluster topology=Unknown[rocklov-db:27017] servers=[#<Server address=rocklov-db:27017 UNKNOWN>]>
D, [2021-04-23T11:45:33.014242 #16476] DEBUG -- : MONGODB | Server description for rocklov-db:27017 changed from 'unknown' to 'standalone'.
D, [2021-04-23T11:45:33.020114 #16476] DEBUG -- : MONGODB | Topology type 'Unknown' changed to type 'Single'.
D, [2021-04-23T11:45:33.107014 #16476] DEBUG -- : MONGODB | Server description for rocklov-db:27017 changed from 'standalone' to 'standalone'.
D, [2021-04-23T11:45:33.107461 #16476] DEBUG -- : MONGODB | There was a change in the members of the 'Single' topology.
D, [2021-04-23T11:45:33.109403 #16476] DEBUG -- : MONGODB | rocklov-db:27017 req:7 conn:1:1 sconn:99 | rocklov.delete | STARTED | {"delete"=>"users", "ordered"=>true, "deletes"=>[{"q"=>{"email"=>"jeferson@bol.com.br"}, "limit"=>0}], "$db"=>"rocklov", "lsid"=>{"id"=><BSON::Binary:0x1033346288540 type=uuid data=0x9b5fc1ded28042f2...>}}
D, [2021-04-23T11:45:33.133857 #16476] DEBUG -- : MONGODB | rocklov-db:27017 req:7 | rocklov.delete | SUCCEEDED | 0.023s
D, [2021-04-23T11:45:35.812327 #16476] DEBUG -- : MONGODB | Topology type 'unknown' initializing.
D, [2021-04-23T11:45:35.813020 #16476] DEBUG -- : MONGODB | There was a change in the members of the 'Unknown' topology.
D, [2021-04-23T11:45:35.813361 #16476] DEBUG -- : MONGODB | Server rocklov-db:27017 initializing.
D, [2021-04-23T11:45:35.813773 #16476] DEBUG -- : MONGODB | Waiting for up to 30.00 seconds for servers to be scanned: #<Cluster topology=Unknown[rocklov-db:27017] servers=[#<Server address=rocklov-db:27017 UNKNOWN>]>
D, [2021-04-23T11:45:35.840393 #16476] DEBUG -- : MONGODB | Server description for rocklov-db:27017 changed from 'unknown' to 'standalone'.
D, [2021-04-23T11:45:35.848142 #16476] DEBUG -- : MONGODB | Topology type 'Unknown' changed to type 'Single'.
D, [2021-04-23T11:45:35.888669 #16476] DEBUG -- : MONGODB | Server description for rocklov-db:27017 changed from 'standalone' to 'standalone'.
D, [2021-04-23T11:45:35.890708 #16476] DEBUG -- : MONGODB | There was a change in the members of the 'Single' topology.
D, [2021-04-23T11:45:35.892631 #16476] DEBUG -- : MONGODB | rocklov-db:27017 req:10 conn:1:1 sconn:101 | rocklov.delete | STARTED | {"delete"=>"users", "ordered"=>true, "deletes"=>[{"q"=>{"email"=>"jeferson@bol.com.br"}, "limit"=>0}], "$db"=>"rocklov", "lsid"=>{"id"=><BSON::Binary:0x1033378876560 type=uuid data=0x8920f2b065df4fb6...>}}
D, [2021-04-23T11:45:35.915549 #16476] DEBUG -- : MONGODB | rocklov-db:27017 req:10 | rocklov.delete | SUCCEEDED | 0.022s
D, [2021-04-23T11:45:38.291659 #16476] DEBUG -- : MONGODB | Topology type 'unknown' initializing.
D, [2021-04-23T11:45:38.331479 #16476] DEBUG -- : MONGODB | There was a change in the members of the 'Unknown' topology.
D, [2021-04-23T11:45:38.381728 #16476] DEBUG -- : MONGODB | Server rocklov-db:27017 initializing.
D, [2021-04-23T11:45:38.396834 #16476] DEBUG -- : MONGODB | Waiting for up to 29.98 seconds for servers to be scanned: #<Cluster topology=Unknown[rocklov-db:27017] servers=[#<Server address=rocklov-db:27017 UNKNOWN>]>
D, [2021-04-23T11:45:38.438388 #16476] DEBUG -- : MONGODB | Server description for rocklov-db:27017 changed from 'unknown' to 'standalone'.
D, [2021-04-23T11:45:38.439172 #16476] DEBUG -- : MONGODB | Topology type 'Unknown' changed to type 'Single'.
D, [2021-04-23T11:45:38.481064 #16476] DEBUG -- : MONGODB | Server description for rocklov-db:27017 changed from 'standalone' to 'standalone'.
D, [2021-04-23T11:45:38.481455 #16476] DEBUG -- : MONGODB | There was a change in the members of the 'Single' topology.
D, [2021-04-23T11:45:38.482367 #16476] DEBUG -- : MONGODB | rocklov-db:27017 req:13 conn:1:1 sconn:103 | rocklov.delete | STARTED | {"delete"=>"users", "ordered"=>true, "deletes"=>[{"q"=>{"email"=>""}, "limit"=>0}], "$db"=>"rocklov", "lsid"=>{"id"=><BSON::Binary:0x1033378277140 type=uuid data=0xcdd83ec051564706...>}}
D, [2021-04-23T11:45:38.511313 #16476] DEBUG -- : MONGODB | rocklov-db:27017 req:13 | rocklov.delete | SUCCEEDED | 0.029s
D, [2021-04-23T11:45:40.299663 #16476] DEBUG -- : MONGODB | Topology type 'unknown' initializing.
D, [2021-04-23T11:45:40.300344 #16476] DEBUG -- : MONGODB | There was a change in the members of the 'Unknown' topology.
D, [2021-04-23T11:45:40.300666 #16476] DEBUG -- : MONGODB | Server rocklov-db:27017 initializing.
D, [2021-04-23T11:45:40.301779 #16476] DEBUG -- : MONGODB | Waiting for up to 30.00 seconds for servers to be scanned: #<Cluster topology=Unknown[rocklov-db:27017] servers=[#<Server address=rocklov-db:27017 UNKNOWN>]>
D, [2021-04-23T11:45:40.332792 #16476] DEBUG -- : MONGODB | Server description for rocklov-db:27017 changed from 'unknown' to 'standalone'.
D, [2021-04-23T11:45:40.333498 #16476] DEBUG -- : MONGODB | Topology type 'Unknown' changed to type 'Single'.
D, [2021-04-23T11:45:40.360397 #16476] DEBUG -- : MONGODB | Server description for rocklov-db:27017 changed from 'standalone' to 'standalone'.
D, [2021-04-23T11:45:40.361726 #16476] DEBUG -- : MONGODB | There was a change in the members of the 'Single' topology.
D, [2021-04-23T11:45:40.363163 #16476] DEBUG -- : MONGODB | rocklov-db:27017 req:16 conn:1:1 sconn:105 | rocklov.delete | STARTED | {"delete"=>"users", "ordered"=>true, "deletes"=>[{"q"=>{"email"=>"jeferson*bol.com.br"}, "limit"=>0}], "$db"=>"rocklov", "lsid"=>{"id"=><BSON::Binary:0x1033376223140 type=uuid data=0x2224ca6091464c73...>}}
D, [2021-04-23T11:45:40.392205 #16476] DEBUG -- : MONGODB | rocklov-db:27017 req:16 | rocklov.delete | SUCCEEDED | 0.028s
D, [2021-04-23T11:45:41.758121 #16476] DEBUG -- : MONGODB | Topology type 'unknown' initializing.
D, [2021-04-23T11:45:41.759030 #16476] DEBUG -- : MONGODB | There was a change in the members of the 'Unknown' topology.
D, [2021-04-23T11:45:41.759723 #16476] DEBUG -- : MONGODB | Server rocklov-db:27017 initializing.
D, [2021-04-23T11:45:41.760520 #16476] DEBUG -- : MONGODB | Waiting for up to 30.00 seconds for servers to be scanned: #<Cluster topology=Unknown[rocklov-db:27017] servers=[#<Server address=rocklov-db:27017 UNKNOWN>]>
D, [2021-04-23T11:45:41.785789 #16476] DEBUG -- : MONGODB | Server description for rocklov-db:27017 changed from 'unknown' to 'standalone'.
D, [2021-04-23T11:45:41.786399 #16476] DEBUG -- : MONGODB | Topology type 'Unknown' changed to type 'Single'.
D, [2021-04-23T11:45:41.815352 #16476] DEBUG -- : MONGODB | Server description for rocklov-db:27017 changed from 'standalone' to 'standalone'.
D, [2021-04-23T11:45:41.815623 #16476] DEBUG -- : MONGODB | There was a change in the members of the 'Single' topology.
D, [2021-04-23T11:45:41.816404 #16476] DEBUG -- : MONGODB | rocklov-db:27017 req:19 conn:1:1 sconn:107 | rocklov.delete | STARTED | {"delete"=>"users", "ordered"=>true, "deletes"=>[{"q"=>{"email"=>"jeferson&bol.com.br"}, "limit"=>0}], "$db"=>"rocklov", "lsid"=>{"id"=><BSON::Binary:0x1033367291720 type=uuid data=0x59013d670feb4583...>}}
D, [2021-04-23T11:45:41.830995 #16476] DEBUG -- : MONGODB | rocklov-db:27017 req:19 | rocklov.delete | SUCCEEDED | 0.014s
D, [2021-04-23T11:45:43.079025 #16476] DEBUG -- : MONGODB | Server description for rocklov-db:27017 changed from 'standalone' to 'standalone'.
D, [2021-04-23T11:45:43.080394 #16476] DEBUG -- : MONGODB | There was a change in the members of the 'Single' topology.
D, [2021-04-23T11:45:43.394673 #16476] DEBUG -- : MONGODB | Topology type 'unknown' initializing.
D, [2021-04-23T11:45:43.395399 #16476] DEBUG -- : MONGODB | There was a change in the members of the 'Unknown' topology.
D, [2021-04-23T11:45:43.395939 #16476] DEBUG -- : MONGODB | Server rocklov-db:27017 initializing.
D, [2021-04-23T11:45:43.396689 #16476] DEBUG -- : MONGODB | Waiting for up to 30.00 seconds for servers to be scanned: #<Cluster topology=Unknown[rocklov-db:27017] servers=[#<Server address=rocklov-db:27017 UNKNOWN>]>
D, [2021-04-23T11:45:43.422502 #16476] DEBUG -- : MONGODB | Server description for rocklov-db:27017 changed from 'unknown' to 'standalone'.
D, [2021-04-23T11:45:43.423641 #16476] DEBUG -- : MONGODB | Topology type 'Unknown' changed to type 'Single'.
D, [2021-04-23T11:45:43.453323 #16476] DEBUG -- : MONGODB | Server description for rocklov-db:27017 changed from 'standalone' to 'standalone'.
D, [2021-04-23T11:45:43.453903 #16476] DEBUG -- : MONGODB | There was a change in the members of the 'Single' topology.
D, [2021-04-23T11:45:43.455328 #16476] DEBUG -- : MONGODB | rocklov-db:27017 req:22 conn:1:1 sconn:109 | rocklov.delete | STARTED | {"delete"=>"users", "ordered"=>true, "deletes"=>[{"q"=>{"email"=>"jeferson@bol.com.br"}, "limit"=>0}], "$db"=>"rocklov", "lsid"=>{"id"=><BSON::Binary:0x1033362424860 type=uuid data=0x6a1acc40f2c04cb2...>}}
D, [2021-04-23T11:45:43.470039 #16476] DEBUG -- : MONGODB | rocklov-db:27017 req:22 | rocklov.delete | SUCCEEDED | 0.014s
D, [2021-04-23T11:45:45.884294 #16476] DEBUG -- : MONGODB | Server description for rocklov-db:27017 changed from 'standalone' to 'standalone'.
D, [2021-04-23T11:45:45.892476 #16476] DEBUG -- : MONGODB | There was a change in the members of the 'Single' topology.
D, [2021-04-23T11:45:48.447153 #16476] DEBUG -- : MONGODB | Server description for rocklov-db:27017 changed from 'standalone' to 'standalone'.
D, [2021-04-23T11:45:48.447981 #16476] DEBUG -- : MONGODB | There was a change in the members of the 'Single' topology.
D, [2021-04-23T11:45:50.431577 #16476] DEBUG -- : MONGODB | Server description for rocklov-db:27017 changed from 'standalone' to 'standalone'.
D, [2021-04-23T11:45:50.439468 #16476] DEBUG -- : MONGODB | There was a change in the members of the 'Single' topology.
D, [2021-04-23T11:45:51.830182 #16476] DEBUG -- : MONGODB | Server description for rocklov-db:27017 changed from 'standalone' to 'standalone'.
D, [2021-04-23T11:45:51.832419 #16476] DEBUG -- : MONGODB | There was a change in the members of the 'Single' topology.
D, [2021-04-23T11:45:53.140163 #16476] DEBUG -- : MONGODB | Server description for rocklov-db:27017 changed from 'standalone' to 'standalone'.
D, [2021-04-23T11:45:53.140705 #16476] DEBUG -- : MONGODB | There was a change in the members of the 'Single' topology.
D, [2021-04-23T11:45:53.141530 #16476] DEBUG -- : MONGODB | rocklov-db:27017 req:24 conn:1:2 sconn:110 | admin.endSessions | STARTED | {"endSessions"=>[{"id"=><BSON::Binary:0x1033362424860 type=uuid data=0x6a1acc40f2c04cb2...>}], "$db"=>"admin"}
D, [2021-04-23T11:45:53.154464 #16476] DEBUG -- : MONGODB | rocklov-db:27017 req:24 | admin.endSessions | SUCCEEDED | 0.013s
D, [2021-04-23T11:45:53.184713 #16476] DEBUG -- : MONGODB | Server description for rocklov-db:27017 changed from 'standalone' to 'standalone'.
D, [2021-04-23T11:45:53.185094 #16476] DEBUG -- : MONGODB | There was a change in the members of the 'Single' topology.
D, [2021-04-23T11:45:53.186456 #16476] DEBUG -- : MONGODB | rocklov-db:27017 req:26 conn:1:2 sconn:111 | admin.endSessions | STARTED | {"endSessions"=>[{"id"=><BSON::Binary:0x1033367291720 type=uuid data=0x59013d670feb4583...>}], "$db"=>"admin"}
D, [2021-04-23T11:45:53.200114 #16476] DEBUG -- : MONGODB | rocklov-db:27017 req:26 | admin.endSessions | SUCCEEDED | 0.013s
D, [2021-04-23T11:45:53.231360 #16476] DEBUG -- : MONGODB | Server description for rocklov-db:27017 changed from 'standalone' to 'standalone'.
D, [2021-04-23T11:45:53.231683 #16476] DEBUG -- : MONGODB | There was a change in the members of the 'Single' topology.
D, [2021-04-23T11:45:53.232277 #16476] DEBUG -- : MONGODB | rocklov-db:27017 req:28 conn:1:2 sconn:112 | admin.endSessions | STARTED | {"endSessions"=>[{"id"=><BSON::Binary:0x1033376223140 type=uuid data=0x2224ca6091464c73...>}], "$db"=>"admin"}
D, [2021-04-23T11:45:53.246830 #16476] DEBUG -- : MONGODB | rocklov-db:27017 req:28 | admin.endSessions | SUCCEEDED | 0.014s
D, [2021-04-23T11:45:53.278253 #16476] DEBUG -- : MONGODB | Server description for rocklov-db:27017 changed from 'standalone' to 'standalone'.
D, [2021-04-23T11:45:53.278685 #16476] DEBUG -- : MONGODB | There was a change in the members of the 'Single' topology.
D, [2021-04-23T11:45:53.279359 #16476] DEBUG -- : MONGODB | rocklov-db:27017 req:30 conn:1:2 sconn:113 | admin.endSessions | STARTED | {"endSessions"=>[{"id"=><BSON::Binary:0x1033378277140 type=uuid data=0xcdd83ec051564706...>}], "$db"=>"admin"}
D, [2021-04-23T11:45:53.295278 #16476] DEBUG -- : MONGODB | rocklov-db:27017 req:30 | admin.endSessions | SUCCEEDED | 0.016s
D, [2021-04-23T11:45:53.327478 #16476] DEBUG -- : MONGODB | Server description for rocklov-db:27017 changed from 'standalone' to 'standalone'.
D, [2021-04-23T11:45:53.329925 #16476] DEBUG -- : MONGODB | There was a change in the members of the 'Single' topology.
D, [2021-04-23T11:45:53.331241 #16476] DEBUG -- : MONGODB | rocklov-db:27017 req:32 conn:1:2 sconn:114 | admin.endSessions | STARTED | {"endSessions"=>[{"id"=><BSON::Binary:0x1033378876560 type=uuid data=0x8920f2b065df4fb6...>}], "$db"=>"admin"}
D, [2021-04-23T11:45:53.356649 #16476] DEBUG -- : MONGODB | rocklov-db:27017 req:32 | admin.endSessions | SUCCEEDED | 0.025s
D, [2021-04-23T11:45:53.387495 #16476] DEBUG -- : MONGODB | Server description for rocklov-db:27017 changed from 'standalone' to 'standalone'.
D, [2021-04-23T11:45:53.387835 #16476] DEBUG -- : MONGODB | There was a change in the members of the 'Single' topology.
D, [2021-04-23T11:45:53.388538 #16476] DEBUG -- : MONGODB | rocklov-db:27017 req:34 conn:1:2 sconn:115 | admin.endSessions | STARTED | {"endSessions"=>[{"id"=><BSON::Binary:0x1033346288540 type=uuid data=0x9b5fc1ded28042f2...>}], "$db"=>"admin"}
D, [2021-04-23T11:45:53.402007 #16476] DEBUG -- : MONGODB | rocklov-db:27017 req:34 | admin.endSessions | SUCCEEDED | 0.013s
D, [2021-04-23T15:22:40.642656 #16580] DEBUG -- : MONGODB | Topology type 'unknown' initializing.
D, [2021-04-23T15:22:40.643448 #16580] DEBUG -- : MONGODB | There was a change in the members of the 'Unknown' topology.
D, [2021-04-23T15:22:40.643744 #16580] DEBUG -- : MONGODB | Server rocklov-db:27017 initializing.
D, [2021-04-23T15:22:40.644086 #16580] DEBUG -- : MONGODB | Waiting for up to 30.00 seconds for servers to be scanned: #<Cluster topology=Unknown[rocklov-db:27017] servers=[#<Server address=rocklov-db:27017 UNKNOWN>]>
D, [2021-04-23T15:22:40.670163 #16580] DEBUG -- : MONGODB | Server description for rocklov-db:27017 changed from 'unknown' to 'standalone'.
D, [2021-04-23T15:22:40.670697 #16580] DEBUG -- : MONGODB | Topology type 'Unknown' changed to type 'Single'.
D, [2021-04-23T15:22:40.703065 #16580] DEBUG -- : MONGODB | Server description for rocklov-db:27017 changed from 'standalone' to 'standalone'.
D, [2021-04-23T15:22:40.703728 #16580] DEBUG -- : MONGODB | There was a change in the members of the 'Single' topology.
D, [2021-04-23T15:22:40.704549 #16580] DEBUG -- : MONGODB | rocklov-db:27017 req:7 conn:1:1 sconn:132 | rocklov.delete | STARTED | {"delete"=>"equipos", "ordered"=>true, "deletes"=>[{"q"=>{"name"=>"Fender Strato"}, "limit"=>0}], "$db"=>"rocklov", "lsid"=>{"id"=><BSON::Binary:0x1204024035000 type=uuid data=0x4d932c9f06174546...>}}
D, [2021-04-23T15:22:40.716968 #16580] DEBUG -- : MONGODB | rocklov-db:27017 req:7 | rocklov.delete | SUCCEEDED | 0.012s
D, [2021-04-23T15:22:47.465286 #16580] DEBUG -- : MONGODB | Server description for rocklov-db:27017 changed from 'standalone' to 'standalone'.
D, [2021-04-23T15:22:47.465787 #16580] DEBUG -- : MONGODB | There was a change in the members of the 'Single' topology.
D, [2021-04-23T15:22:47.466458 #16580] DEBUG -- : MONGODB | rocklov-db:27017 req:9 conn:1:2 sconn:133 | admin.endSessions | STARTED | {"endSessions"=>[{"id"=><BSON::Binary:0x1204024035000 type=uuid data=0x4d932c9f06174546...>}], "$db"=>"admin"}
D, [2021-04-23T15:22:47.486878 #16580] DEBUG -- : MONGODB | rocklov-db:27017 req:9 | admin.endSessions | SUCCEEDED | 0.019s
D, [2021-04-23T15:29:22.932533 #19412] DEBUG -- : MONGODB | Topology type 'unknown' initializing.
D, [2021-04-23T15:29:22.933141 #19412] DEBUG -- : MONGODB | There was a change in the members of the 'Unknown' topology.
D, [2021-04-23T15:29:22.933449 #19412] DEBUG -- : MONGODB | Server rocklov-db:27017 initializing.
D, [2021-04-23T15:29:22.933779 #19412] DEBUG -- : MONGODB | Waiting for up to 30.00 seconds for servers to be scanned: #<Cluster topology=Unknown[rocklov-db:27017] servers=[#<Server address=rocklov-db:27017 UNKNOWN>]>
D, [2021-04-23T15:29:22.959057 #19412] DEBUG -- : MONGODB | Server description for rocklov-db:27017 changed from 'unknown' to 'standalone'.
D, [2021-04-23T15:29:22.959704 #19412] DEBUG -- : MONGODB | Topology type 'Unknown' changed to type 'Single'.
D, [2021-04-23T15:30:01.575727 #12944] DEBUG -- : MONGODB | Topology type 'unknown' initializing.
D, [2021-04-23T15:30:01.576355 #12944] DEBUG -- : MONGODB | There was a change in the members of the 'Unknown' topology.
D, [2021-04-23T15:30:01.576697 #12944] DEBUG -- : MONGODB | Server rocklov-db:27017 initializing.
D, [2021-04-23T15:30:01.577189 #12944] DEBUG -- : MONGODB | Waiting for up to 30.00 seconds for servers to be scanned: #<Cluster topology=Unknown[rocklov-db:27017] servers=[#<Server address=rocklov-db:27017 UNKNOWN>]>
D, [2021-04-23T15:30:01.622590 #12944] DEBUG -- : MONGODB | Server description for rocklov-db:27017 changed from 'unknown' to 'standalone'.
D, [2021-04-23T15:30:01.623189 #12944] DEBUG -- : MONGODB | Topology type 'Unknown' changed to type 'Single'.
D, [2021-04-23T15:30:01.652302 #12944] DEBUG -- : MONGODB | Server description for rocklov-db:27017 changed from 'standalone' to 'standalone'.
D, [2021-04-23T15:30:01.652726 #12944] DEBUG -- : MONGODB | There was a change in the members of the 'Single' topology.
D, [2021-04-23T15:30:01.654238 #12944] DEBUG -- : MONGODB | rocklov-db:27017 req:7 conn:1:1 sconn:140 | rocklov.find | STARTED | {"find"=>"users", "filter"=>{"email"=>"betao@yahoo.com"}, "$db"=>"rocklov", "lsid"=>{"id"=><BSON::Binary:0x1058028874160 type=uuid data=0x31bc0b98a4c44e26...>}}
D, [2021-04-23T15:30:01.682213 #12944] DEBUG -- : MONGODB | rocklov-db:27017 req:7 | rocklov.find | SUCCEEDED | 0.028s
D, [2021-04-23T15:30:01.711872 #12944] DEBUG -- : MONGODB | Server description for rocklov-db:27017 changed from 'standalone' to 'standalone'.
D, [2021-04-23T15:30:01.712654 #12944] DEBUG -- : MONGODB | There was a change in the members of the 'Single' topology.
D, [2021-04-23T15:30:01.714513 #12944] DEBUG -- : MONGODB | rocklov-db:27017 req:9 conn:1:2 sconn:141 | admin.endSessions | STARTED | {"endSessions"=>[{"id"=><BSON::Binary:0x1058028874160 type=uuid data=0x31bc0b98a4c44e26...>}], "$db"=>"admin"}
D, [2021-04-23T15:30:01.726149 #12944] DEBUG -- : MONGODB | rocklov-db:27017 req:9 | admin.endSessions | SUCCEEDED | 0.011s
D, [2021-04-23T15:30:21.190752 #16712] DEBUG -- : MONGODB | Topology type 'unknown' initializing.
D, [2021-04-23T15:30:21.192437 #16712] DEBUG -- : MONGODB | There was a change in the members of the 'Unknown' topology.
D, [2021-04-23T15:30:21.192892 #16712] DEBUG -- : MONGODB | Server rocklov-db:27017 initializing.
D, [2021-04-23T15:30:21.194227 #16712] DEBUG -- : MONGODB | Waiting for up to 30.00 seconds for servers to be scanned: #<Cluster topology=Unknown[rocklov-db:27017] servers=[#<Server address=rocklov-db:27017 UNKNOWN>]>
D, [2021-04-23T15:30:21.231892 #16712] DEBUG -- : MONGODB | Server description for rocklov-db:27017 changed from 'unknown' to 'standalone'.
D, [2021-04-23T15:30:21.232371 #16712] DEBUG -- : MONGODB | Topology type 'Unknown' changed to type 'Single'.
D, [2021-04-23T15:30:21.265190 #16712] DEBUG -- : MONGODB | Server description for rocklov-db:27017 changed from 'standalone' to 'standalone'.
D, [2021-04-23T15:30:21.265764 #16712] DEBUG -- : MONGODB | There was a change in the members of the 'Single' topology.
D, [2021-04-23T15:30:21.268586 #16712] DEBUG -- : MONGODB | rocklov-db:27017 req:7 conn:1:1 sconn:143 | rocklov.find | STARTED | {"find"=>"users", "filter"=>{"email"=>"betao@yahoo.com"}, "$db"=>"rocklov", "lsid"=>{"id"=><BSON::Binary:0x1057522671360 type=uuid data=0x39ae7ff5e90a483a...>}}
D, [2021-04-23T15:30:21.294521 #16712] DEBUG -- : MONGODB | rocklov-db:27017 req:7 | rocklov.find | SUCCEEDED | 0.025s
D, [2021-04-23T15:30:21.322105 #16712] DEBUG -- : MONGODB | Server description for rocklov-db:27017 changed from 'standalone' to 'standalone'.
D, [2021-04-23T15:30:21.322840 #16712] DEBUG -- : MONGODB | There was a change in the members of the 'Single' topology.
D, [2021-04-23T15:30:21.323631 #16712] DEBUG -- : MONGODB | rocklov-db:27017 req:9 conn:1:2 sconn:144 | admin.endSessions | STARTED | {"endSessions"=>[{"id"=><BSON::Binary:0x1057522671360 type=uuid data=0x39ae7ff5e90a483a...>}], "$db"=>"admin"}
D, [2021-04-23T15:30:21.336986 #16712] DEBUG -- : MONGODB | rocklov-db:27017 req:9 | admin.endSessions | SUCCEEDED | 0.013s
D, [2021-04-23T15:36:07.648931 #11576] DEBUG -- : MONGODB | Topology type 'unknown' initializing.
D, [2021-04-23T15:36:07.649959 #11576] DEBUG -- : MONGODB | There was a change in the members of the 'Unknown' topology.
D, [2021-04-23T15:36:07.650383 #11576] DEBUG -- : MONGODB | Server rocklov-db:27017 initializing.
D, [2021-04-23T15:36:07.654292 #11576] DEBUG -- : MONGODB | Waiting for up to 30.00 seconds for servers to be scanned: #<Cluster topology=Unknown[rocklov-db:27017] servers=[#<Server address=rocklov-db:27017 UNKNOWN>]>
D, [2021-04-23T15:36:07.689156 #11576] DEBUG -- : MONGODB | Server description for rocklov-db:27017 changed from 'unknown' to 'standalone'.
D, [2021-04-23T15:36:07.689619 #11576] DEBUG -- : MONGODB | Topology type 'Unknown' changed to type 'Single'.
D, [2021-04-23T15:36:07.721538 #11576] DEBUG -- : MONGODB | Server description for rocklov-db:27017 changed from 'standalone' to 'standalone'.
D, [2021-04-23T15:36:07.721995 #11576] DEBUG -- : MONGODB | There was a change in the members of the 'Single' topology.
D, [2021-04-23T15:36:07.723858 #11576] DEBUG -- : MONGODB | rocklov-db:27017 req:7 conn:1:1 sconn:147 | rocklov.find | STARTED | {"find"=>"users", "filter"=>{"email"=>"betao@yahoo.com"}, "$db"=>"rocklov", "lsid"=>{"id"=><BSON::Binary:0x1332696392200 type=uuid data=0xb12c390a4bf948ea...>}}
D, [2021-04-23T15:36:07.755412 #11576] DEBUG -- : MONGODB | rocklov-db:27017 req:7 | rocklov.find | SUCCEEDED | 0.031s
D, [2021-04-23T15:36:07.757094 #11576] DEBUG -- : MONGODB | Topology type 'unknown' initializing.
D, [2021-04-23T15:36:07.757564 #11576] DEBUG -- : MONGODB | There was a change in the members of the 'Unknown' topology.
D, [2021-04-23T15:36:07.758192 #11576] DEBUG -- : MONGODB | Server rocklov-db:27017 initializing.
D, [2021-04-23T15:36:07.758662 #11576] DEBUG -- : MONGODB | Waiting for up to 30.00 seconds for servers to be scanned: #<Cluster topology=Unknown[rocklov-db:27017] servers=[#<Server address=rocklov-db:27017 UNKNOWN>]>
D, [2021-04-23T15:36:07.798845 #11576] DEBUG -- : MONGODB | Server description for rocklov-db:27017 changed from 'unknown' to 'standalone'.
D, [2021-04-23T15:36:07.799447 #11576] DEBUG -- : MONGODB | Topology type 'Unknown' changed to type 'Single'.
D, [2021-04-23T15:36:07.828776 #11576] DEBUG -- : MONGODB | Server description for rocklov-db:27017 changed from 'standalone' to 'standalone'.
D, [2021-04-23T15:36:07.829110 #11576] DEBUG -- : MONGODB | There was a change in the members of the 'Single' topology.
D, [2021-04-23T15:36:07.830126 #11576] DEBUG -- : MONGODB | rocklov-db:27017 req:10 conn:1:1 sconn:149 | rocklov.delete | STARTED | {"delete"=>"equipos", "ordered"=>true, "deletes"=>[{"q"=>{"name"=>"Fender Strato", "user"=>BSON::ObjectId('6082fb7612420e00296c139b')}, "limit"=>0}], "$db"=>"rocklov", "lsid"=>{"id"=><BSON::Binary:0x1332728111520 type=uuid data=0x79c8c0a1711d41a5...>}...
D, [2021-04-23T15:36:07.864229 #11576] DEBUG -- : MONGODB | rocklov-db:27017 req:10 | rocklov.delete | SUCCEEDED | 0.034s
D, [2021-04-23T15:36:15.851418 #11576] DEBUG -- : MONGODB | Server description for rocklov-db:27017 changed from 'standalone' to 'standalone'.
D, [2021-04-23T15:36:15.853533 #11576] DEBUG -- : MONGODB | There was a change in the members of the 'Single' topology.
D, [2021-04-23T15:36:15.856081 #11576] DEBUG -- : MONGODB | rocklov-db:27017 req:12 conn:1:2 sconn:150 | admin.endSessions | STARTED | {"endSessions"=>[{"id"=><BSON::Binary:0x1332728111520 type=uuid data=0x79c8c0a1711d41a5...>}], "$db"=>"admin"}
D, [2021-04-23T15:36:15.882737 #11576] DEBUG -- : MONGODB | rocklov-db:27017 req:12 | admin.endSessions | SUCCEEDED | 0.026s
D, [2021-04-23T15:36:15.913615 #11576] DEBUG -- : MONGODB | Server description for rocklov-db:27017 changed from 'standalone' to 'standalone'.
D, [2021-04-23T15:36:15.913944 #11576] DEBUG -- : MONGODB | There was a change in the members of the 'Single' topology.
D, [2021-04-23T15:36:15.914709 #11576] DEBUG -- : MONGODB | rocklov-db:27017 req:14 conn:1:2 sconn:151 | admin.endSessions | STARTED | {"endSessions"=>[{"id"=><BSON::Binary:0x1332696392200 type=uuid data=0xb12c390a4bf948ea...>}], "$db"=>"admin"}
D, [2021-04-23T15:36:15.929169 #11576] DEBUG -- : MONGODB | rocklov-db:27017 req:14 | admin.endSessions | SUCCEEDED | 0.014s
D, [2021-04-23T15:37:12.241184 #20284] DEBUG -- : MONGODB | Topology type 'unknown' initializing.
D, [2021-04-23T15:37:12.241694 #20284] DEBUG -- : MONGODB | There was a change in the members of the 'Unknown' topology.
D, [2021-04-23T15:37:12.241981 #20284] DEBUG -- : MONGODB | Server rocklov-db:27017 initializing.
D, [2021-04-23T15:37:12.242666 #20284] DEBUG -- : MONGODB | Waiting for up to 30.00 seconds for servers to be scanned: #<Cluster topology=Unknown[rocklov-db:27017] servers=[#<Server address=rocklov-db:27017 UNKNOWN>]>
D, [2021-04-23T15:37:12.268718 #20284] DEBUG -- : MONGODB | Server description for rocklov-db:27017 changed from 'unknown' to 'standalone'.
D, [2021-04-23T15:37:12.269579 #20284] DEBUG -- : MONGODB | Topology type 'Unknown' changed to type 'Single'.
D, [2021-04-23T15:37:12.298338 #20284] DEBUG -- : MONGODB | Server description for rocklov-db:27017 changed from 'standalone' to 'standalone'.
D, [2021-04-23T15:37:12.298737 #20284] DEBUG -- : MONGODB | There was a change in the members of the 'Single' topology.
D, [2021-04-23T15:37:12.299920 #20284] DEBUG -- : MONGODB | rocklov-db:27017 req:7 conn:1:1 sconn:153 | rocklov.find | STARTED | {"find"=>"users", "filter"=>{"email"=>"betao@yahoo.com"}, "$db"=>"rocklov", "lsid"=>{"id"=><BSON::Binary:0x1591638257920 type=uuid data=0x944db73fe85543fa...>}}
D, [2021-04-23T15:37:12.313657 #20284] DEBUG -- : MONGODB | rocklov-db:27017 req:7 | rocklov.find | SUCCEEDED | 0.013s
D, [2021-04-23T15:37:12.314623 #20284] DEBUG -- : MONGODB | Topology type 'unknown' initializing.
D, [2021-04-23T15:37:12.315073 #20284] DEBUG -- : MONGODB | There was a change in the members of the 'Unknown' topology.
D, [2021-04-23T15:37:12.315346 #20284] DEBUG -- : MONGODB | Server rocklov-db:27017 initializing.
D, [2021-04-23T15:37:12.315686 #20284] DEBUG -- : MONGODB | Waiting for up to 30.00 seconds for servers to be scanned: #<Cluster topology=Unknown[rocklov-db:27017] servers=[#<Server address=rocklov-db:27017 UNKNOWN>]>
D, [2021-04-23T15:37:12.345204 #20284] DEBUG -- : MONGODB | Server description for rocklov-db:27017 changed from 'unknown' to 'standalone'.
D, [2021-04-23T15:37:12.346011 #20284] DEBUG -- : MONGODB | Topology type 'Unknown' changed to type 'Single'.
D, [2021-04-23T15:37:12.376245 #20284] DEBUG -- : MONGODB | Server description for rocklov-db:27017 changed from 'standalone' to 'standalone'.
D, [2021-04-23T15:37:12.378643 #20284] DEBUG -- : MONGODB | There was a change in the members of the 'Single' topology.
D, [2021-04-23T15:37:12.380426 #20284] DEBUG -- : MONGODB | rocklov-db:27017 req:10 conn:1:1 sconn:155 | rocklov.delete | STARTED | {"delete"=>"equipos", "ordered"=>true, "deletes"=>[{"q"=>{"name"=>"Fender Strato", "user"=>BSON::ObjectId('6082fb7612420e00296c139b')}, "limit"=>0}], "$db"=>"rocklov", "lsid"=>{"id"=><BSON::Binary:0x1591638389320 type=uuid data=0xb77dc6354b184bd5...>}...
D, [2021-04-23T15:37:12.408161 #20284] DEBUG -- : MONGODB | rocklov-db:27017 req:10 | rocklov.delete | SUCCEEDED | 0.027s
D, [2021-04-23T15:37:20.017525 #20284] DEBUG -- : MONGODB | Server description for rocklov-db:27017 changed from 'standalone' to 'standalone'.
D, [2021-04-23T15:37:20.017991 #20284] DEBUG -- : MONGODB | There was a change in the members of the 'Single' topology.
D, [2021-04-23T15:37:20.018747 #20284] DEBUG -- : MONGODB | rocklov-db:27017 req:12 conn:1:2 sconn:156 | admin.endSessions | STARTED | {"endSessions"=>[{"id"=><BSON::Binary:0x1591638389320 type=uuid data=0xb77dc6354b184bd5...>}], "$db"=>"admin"}
D, [2021-04-23T15:37:20.032925 #20284] DEBUG -- : MONGODB | rocklov-db:27017 req:12 | admin.endSessions | SUCCEEDED | 0.014s
D, [2021-04-23T15:37:20.063311 #20284] DEBUG -- : MONGODB | Server description for rocklov-db:27017 changed from 'standalone' to 'standalone'.
D, [2021-04-23T15:37:20.063713 #20284] DEBUG -- : MONGODB | There was a change in the members of the 'Single' topology.
D, [2021-04-23T15:37:20.064478 #20284] DEBUG -- : MONGODB | rocklov-db:27017 req:14 conn:1:2 sconn:157 | admin.endSessions | STARTED | {"endSessions"=>[{"id"=><BSON::Binary:0x1591638257920 type=uuid data=0x944db73fe85543fa...>}], "$db"=>"admin"}
D, [2021-04-23T15:37:20.081671 #20284] DEBUG -- : MONGODB | rocklov-db:27017 req:14 | admin.endSessions | SUCCEEDED | 0.016s
